\BOOKMARK [0][-]{chapter.1}{关于本报告的说明}{}% 1
\BOOKMARK [1][-]{section.1.1}{致谢}{chapter.1}% 2
\BOOKMARK [1][-]{section.1.2}{内容声明}{chapter.1}% 3
\BOOKMARK [1][-]{section.1.3}{作者信息}{chapter.1}% 4
\BOOKMARK [0][-]{chapter.2}{实验研究基本背景}{}% 5
\BOOKMARK [1][-]{section.2.1}{基本介绍}{chapter.2}% 6
\BOOKMARK [1][-]{section.2.2}{TensorFlow}{chapter.2}% 7
\BOOKMARK [1][-]{section.2.3}{JNI–DNK}{chapter.2}% 8
\BOOKMARK [0][-]{chapter.3}{项目总体设计}{}% 9
\BOOKMARK [1][-]{section.3.1}{总体流程图}{chapter.3}% 10
\BOOKMARK [1][-]{section.3.2}{总体设计描述}{chapter.3}% 11
\BOOKMARK [0][-]{chapter.4}{项目模块化设计}{}% 12
\BOOKMARK [1][-]{section.4.1}{TensorFlow模型Android应用}{chapter.4}% 13
\BOOKMARK [1][-]{section.4.2}{Image分类识别实现}{chapter.4}% 14
\BOOKMARK [2][-]{subsection.4.2.1}{设置选择标准}{section.4.2}% 15
\BOOKMARK [2][-]{subsection.4.2.2}{将物品标签写入内存}{section.4.2}% 16
\BOOKMARK [2][-]{subsection.4.2.3}{将图像数据转换为bitMap支持的数据格式}{section.4.2}% 17
\BOOKMARK [2][-]{subsection.4.2.4}{将输入的数据导入TensorFlow模型}{section.4.2}% 18
\BOOKMARK [2][-]{subsection.4.2.5}{运行模型推理得到输出tensor}{section.4.2}% 19
\BOOKMARK [2][-]{subsection.4.2.6}{将输出Tensor转变为输出数组}{section.4.2}% 20
\BOOKMARK [2][-]{subsection.4.2.7}{找到最佳匹配的图片}{section.4.2}% 21
\BOOKMARK [1][-]{section.4.3}{WelcomeActivity}{chapter.4}% 22
\BOOKMARK [2][-]{subsection.4.3.1}{将WelcomeActivity声明为默认启动}{section.4.3}% 23
\BOOKMARK [2][-]{subsection.4.3.2}{自定义启动页面基本内容}{section.4.3}% 24
\BOOKMARK [2][-]{subsection.4.3.3}{使用Handler进行Activity切换}{section.4.3}% 25
\BOOKMARK [1][-]{section.4.4}{ToolBar\040and\040NavigationBar}{chapter.4}% 26
\BOOKMARK [2][-]{subsection.4.4.1}{自定义ActionBar}{section.4.4}% 27
\BOOKMARK [2][-]{subsection.4.4.2}{将xml插件传给MainActivity}{section.4.4}% 28
\BOOKMARK [2][-]{subsection.4.4.3}{丰富toolbar}{section.4.4}% 29
\BOOKMARK [1][-]{section.4.5}{Camera}{chapter.4}% 30
\BOOKMARK [2][-]{subsection.4.5.1}{定制CameraView}{section.4.5}% 31
\BOOKMARK [2][-]{subsection.4.5.2}{拍照后显示}{section.4.5}% 32
\BOOKMARK [2][-]{subsection.4.5.3}{recognizeImage实现}{section.4.5}% 33
\BOOKMARK [1][-]{section.4.6}{Personal\040Web}{chapter.4}% 34
\BOOKMARK [2][-]{subsection.4.6.1}{制定WebView}{section.4.6}% 35
\BOOKMARK [2][-]{subsection.4.6.2}{在Info以及个人简介中绑定Button}{section.4.6}% 36
\BOOKMARK [2][-]{subsection.4.6.3}{创建Web-View-Activity接收内容}{section.4.6}% 37
\BOOKMARK [0][-]{chapter.5}{实验平台配置}{}% 38
\BOOKMARK [1][-]{section.5.1}{Ubuntu系统配置}{chapter.5}% 39
\BOOKMARK [2][-]{subsection.5.1.1}{Step1: Ubuntu LTS 16.04 ISO下载}{section.5.1}% 40
\BOOKMARK [2][-]{subsection.5.1.2}{Step2: 虚拟机下安装Ubuntu}{section.5.1}% 41
\BOOKMARK [2][-]{subsection.5.1.3}{Step3: 开启vmware tools服务}{section.5.1}% 42
\BOOKMARK [2][-]{subsection.5.1.4}{Step4: 配置shadowsocks客户端}{section.5.1}% 43
\BOOKMARK [1][-]{section.5.2}{Android Studio 与 Tensorflow平台配置}{chapter.5}% 44
\BOOKMARK [2][-]{subsection.5.2.1}{Tensorflow平台搭建}{section.5.2}% 45
\BOOKMARK [2][-]{subsection.5.2.2}{Android Studio平台搭建}{section.5.2}% 46
\BOOKMARK [2][-]{subsection.5.2.3}{AS与TF交互式平台搭建}{section.5.2}% 47
\BOOKMARK [0][-]{chapter.6}{项目测试}{}% 48
\BOOKMARK [1][-]{section.6.1}{测试总体情况}{chapter.6}% 49
\BOOKMARK [1][-]{section.6.2}{基础显示测试}{chapter.6}% 50
\BOOKMARK [2][-]{subsection.6.2.1}{欢迎界面-主界面}{section.6.2}% 51
\BOOKMARK [2][-]{subsection.6.2.2}{个人简历-Personal Info}{section.6.2}% 52
\BOOKMARK [2][-]{subsection.6.2.3}{跳转界面-Github-Project-Weibo}{section.6.2}% 53
\BOOKMARK [1][-]{section.6.3}{相机运行测试}{chapter.6}% 54
\BOOKMARK [0][-]{chapter.7}{实验总结}{}% 55
\BOOKMARK [1][-]{section.7.1}{基本介绍}{chapter.7}% 56
\BOOKMARK [1][-]{section.7.2}{能力提升}{chapter.7}% 57
\BOOKMARK [1][-]{section.7.3}{意识培养}{chapter.7}% 58
\BOOKMARK [1][-]{section.7.4}{认识不足}{chapter.7}% 59
\BOOKMARK [1][-]{section.7.5}{兴趣提升}{chapter.7}% 60
\BOOKMARK [1][-]{section.7.6}{注重想法}{chapter.7}% 61
\BOOKMARK [1][-]{section.7.7}{敢于开拓}{chapter.7}% 62
\BOOKMARK [0][-]{chapter.8}{参考文献}{}% 63
\BOOKMARK [0][-]{chapter.9}{附录–源程序代码}{}% 64
\BOOKMARK [1][-]{section.9.1}{build.gradle}{chapter.9}% 65
\BOOKMARK [1][-]{section.9.2}{AndroidManifest.xml}{chapter.9}% 66
\BOOKMARK [1][-]{section.9.3}{activity}{chapter.9}% 67
\BOOKMARK [2][-]{subsection.9.3.1}{MainActivity.java}{section.9.3}% 68
\BOOKMARK [2][-]{subsection.9.3.2}{WelcomeActivity.java}{section.9.3}% 69
\BOOKMARK [2][-]{subsection.9.3.3}{TensorFlowImageClassifier.java}{section.9.3}% 70
\BOOKMARK [2][-]{subsection.9.3.4}{InfoChinese.java}{section.9.3}% 71
\BOOKMARK [2][-]{subsection.9.3.5}{InfoEnglish.java}{section.9.3}% 72
\BOOKMARK [2][-]{subsection.9.3.6}{ToWebView.java}{section.9.3}% 73
\BOOKMARK [2][-]{subsection.9.3.7}{Classifier.java}{section.9.3}% 74
\BOOKMARK [1][-]{section.9.4}{layout}{chapter.9}% 75
\BOOKMARK [2][-]{subsection.9.4.1}{activity-main.xml}{section.9.4}% 76
\BOOKMARK [2][-]{subsection.9.4.2}{activity-welcome.xml}{section.9.4}% 77
\BOOKMARK [2][-]{subsection.9.4.3}{info-cn.xml}{section.9.4}% 78
\BOOKMARK [2][-]{subsection.9.4.4}{info-en.xml}{section.9.4}% 79
\BOOKMARK [2][-]{subsection.9.4.5}{nav-header.xml}{section.9.4}% 80
\BOOKMARK [2][-]{subsection.9.4.6}{web-view.xml}{section.9.4}% 81
\BOOKMARK [1][-]{section.9.5}{values}{chapter.9}% 82
\BOOKMARK [2][-]{subsection.9.5.1}{colors.xml}{section.9.5}% 83
\BOOKMARK [2][-]{subsection.9.5.2}{strings.xml}{section.9.5}% 84
\BOOKMARK [2][-]{subsection.9.5.3}{styles.xml}{section.9.5}% 85
\BOOKMARK [1][-]{section.9.6}{menu}{chapter.9}% 86
\BOOKMARK [2][-]{subsection.9.6.1}{nav-menu.xml}{section.9.6}% 87
\BOOKMARK [2][-]{subsection.9.6.2}{toolbar.xml}{section.9.6}% 88
