This is XeTeX, Version 3.14159265-2.6-0.99996 (MiKTeX 2.9 64-bit) (preloaded format=xelatex 2016.11.14)  30 JUN 2017 02:13
entering extended mode
**C:/Users/dell1/Desktop/DeepCamerathesis/DeepCamera.tex
(C:/Users/dell1/Desktop/DeepCamerathesis/DeepCamera.tex
LaTeX2e <2016/03/31> patch level 3
Babel <3.9r> and hyphenation patterns for 75 language(s) loaded.
(D:\MiKTeX\tex\latex\base\book.cls
Document Class: book 2014/09/29 v1.4h Standard LaTeX document class
(D:\MiKTeX\tex\latex\base\bk10.clo
File: bk10.clo 2014/09/29 v1.4h Standard LaTeX file (size option)
)
\c@part=\count79
\c@chapter=\count80
\c@section=\count81
\c@subsection=\count82
\c@subsubsection=\count83
\c@paragraph=\count84
\c@subparagraph=\count85
\c@figure=\count86
\c@table=\count87
\abovecaptionskip=\skip41
\belowcaptionskip=\skip42
\bibindent=\dimen102
) (D:\MiKTeX\tex\latex\amsmath\amsmath.sty
Package: amsmath 2016/06/28 v2.15d AMS math features
\@mathmargin=\skip43

For additional information on amsmath, use the `?' option.
(D:\MiKTeX\tex\latex\amsmath\amstext.sty
Package: amstext 2000/06/29 v2.01 AMS text

(D:\MiKTeX\tex\latex\amsmath\amsgen.sty
File: amsgen.sty 1999/11/30 v2.0 generic functions
\@emptytoks=\toks14
\ex@=\dimen103
))
(D:\MiKTeX\tex\latex\amsmath\amsbsy.sty
Package: amsbsy 1999/11/29 v1.2d Bold Symbols
\pmbraise@=\dimen104
)
(D:\MiKTeX\tex\latex\amsmath\amsopn.sty
Package: amsopn 2016/03/08 v2.02 operator names
)
\inf@bad=\count88
LaTeX Info: Redefining \frac on input line 199.
\uproot@=\count89
\leftroot@=\count90
LaTeX Info: Redefining \overline on input line 297.
\classnum@=\count91
\DOTSCASE@=\count92
LaTeX Info: Redefining \ldots on input line 394.
LaTeX Info: Redefining \dots on input line 397.
LaTeX Info: Redefining \cdots on input line 518.
\Mathstrutbox@=\box26
\strutbox@=\box27
\big@size=\dimen105
LaTeX Font Info:    Redeclaring font encoding OML on input line 634.
LaTeX Font Info:    Redeclaring font encoding OMS on input line 635.
\macc@depth=\count93
\c@MaxMatrixCols=\count94
\dotsspace@=\muskip10
\c@parentequation=\count95
\dspbrk@lvl=\count96
\tag@help=\toks15
\row@=\count97
\column@=\count98
\maxfields@=\count99
\andhelp@=\toks16
\eqnshift@=\dimen106
\alignsep@=\dimen107
\tagshift@=\dimen108
\tagwidth@=\dimen109
\totwidth@=\dimen110
\lineht@=\dimen111
\@envbody=\toks17
\multlinegap=\skip44
\multlinetaggap=\skip45
\mathdisplay@stack=\toks18
LaTeX Info: Redefining \[ on input line 2739.
LaTeX Info: Redefining \] on input line 2740.
)
(D:\MiKTeX\tex\latex\graphics\graphicx.sty
Package: graphicx 2014/10/28 v1.0g Enhanced LaTeX Graphics (DPC,SPQR)

(D:\MiKTeX\tex\latex\graphics\keyval.sty
Package: keyval 2014/10/28 v1.15 key=value parser (DPC)
\KV@toks@=\toks19
)
(D:\MiKTeX\tex\latex\graphics\graphics.sty
Package: graphics 2016/07/10 v1.0t Standard LaTeX Graphics (DPC,SPQR)

(D:\MiKTeX\tex\latex\graphics\trig.sty
Package: trig 2016/01/03 v1.10 sin cos tan (DPC)
)
(D:\MiKTeX\tex\latex\00miktex\graphics.cfg
File: graphics.cfg 2016/06/04 v1.11 sample graphics configuration
)
Package graphics Info: Driver file: xetex.def on input line 99.

(D:\MiKTeX\tex\latex\graphics-def\xetex.def
File: xetex.def 2016/07/11 v4.10 LaTeX color/graphics driver for XeTeX (L3/RRM/
JK)
))
\Gin@req@height=\dimen112
\Gin@req@width=\dimen113
)
(D:\MiKTeX\tex\latex\float\float.sty
Package: float 2001/11/08 v1.3d Float enhancements (AL)
\c@float@type=\count100
\float@exts=\toks20
\float@box=\box28
\@float@everytoks=\toks21
\@floatcapt=\box29
)
(D:\MiKTeX\tex\latex\subfigure\subfigure.sty
Package: subfigure 2002/07/30 v2.1.4 subfigure package
\subfigtopskip=\skip46
\subfigcapskip=\skip47
\subfigcaptopadj=\dimen114
\subfigbottomskip=\skip48
\subfigcapmargin=\dimen115
\subfiglabelskip=\skip49
\c@subfigure=\count101
\c@lofdepth=\count102
\c@subtable=\count103
\c@lotdepth=\count104

****************************************
* Local config file subfigure.cfg used *
****************************************
(D:\MiKTeX\tex\latex\subfigure\subfigure.cfg)
\subfig@top=\skip50
\subfig@bottom=\skip51
)
(D:\MiKTeX\tex\xelatex\xecjk\xeCJK.sty (D:\MiKTeX\tex\latex\l3kernel\expl3.sty
Package: expl3 2016/10/19 v6730 L3 programming layer (loader) 

(D:\MiKTeX\tex\latex\l3kernel\expl3-code.tex
Package: expl3 2016/10/19 v6730 L3 programming layer (code)
L3 Module: l3bootstrap 2016/06/13 v6596 L3 Bootstrap code
L3 Module: l3names 2016/10/13 v6722 L3 Namespace for primitives
L3 Module: l3basics 2016/09/01 v6696 L3 Basic definitions
L3 Module: l3expan 2016/08/19 v6684 L3 Argument expansion
L3 Module: l3tl 2016/08/19 v6692 L3 Token lists
L3 Module: l3str 2016/08/19 v6692 L3 Strings
L3 Module: l3seq 2016/08/19 v6685 L3 Sequences and stacks
L3 Module: l3int 2016/09/07 v6700 L3 Integers
\c_max_int=\count105
\l_tmpa_int=\count106
\l_tmpb_int=\count107
\g_tmpa_int=\count108
\g_tmpb_int=\count109
L3 Module: l3quark 2016/08/19 v6685 L3 Quarks
L3 Module: l3prg 2016/08/18 v6679 L3 Control structures
\g__prg_map_int=\count110
L3 Module: l3clist 2016/08/19 v6685 L3 Comma separated lists
L3 Module: l3token 2016/09/01 v6695 L3 Experimental token manipulation
L3 Module: l3prop 2016/08/19 v6685 L3 Property lists
L3 Module: l3msg 2016/08/19 v6691 L3 Messages
L3 Module: l3file 2016/08/19 v6685 L3 File and I/O operations
\l_iow_line_count_int=\count111
\l__iow_target_count_int=\count112
\l__iow_current_line_int=\count113
\l__iow_current_word_int=\count114
\l__iow_current_indentation_int=\count115
L3 Module: l3skip 2016/08/19 v6692 L3 Dimensions and skips
\c_zero_dim=\dimen116
\c_max_dim=\dimen117
\l_tmpa_dim=\dimen118
\l_tmpb_dim=\dimen119
\g_tmpa_dim=\dimen120
\g_tmpb_dim=\dimen121
\c_zero_skip=\skip52
\c_max_skip=\skip53
\l_tmpa_skip=\skip54
\l_tmpb_skip=\skip55
\g_tmpa_skip=\skip56
\g_tmpb_skip=\skip57
\c_zero_muskip=\muskip11
\c_max_muskip=\muskip12
\l_tmpa_muskip=\muskip13
\l_tmpb_muskip=\muskip14
\g_tmpa_muskip=\muskip15
\g_tmpb_muskip=\muskip16
L3 Module: l3keys 2016/09/21 v6711 L3 Key-value interfaces
\l_keys_choice_int=\count116
L3 Module: l3fp 2016/08/19 v6685 L3 Floating points
\c__fp_leading_shift_int=\count117
\c__fp_middle_shift_int=\count118
\c__fp_trailing_shift_int=\count119
\c__fp_big_leading_shift_int=\count120
\c__fp_big_middle_shift_int=\count121
\c__fp_big_trailing_shift_int=\count122
\c__fp_Bigg_leading_shift_int=\count123
\c__fp_Bigg_middle_shift_int=\count124
\c__fp_Bigg_trailing_shift_int=\count125
L3 Module: l3box 2016/08/19 v6685 L3 Experimental boxes
\c_empty_box=\box30
\l_tmpa_box=\box31
\l_tmpb_box=\box32
\g_tmpa_box=\box33
\g_tmpb_box=\box34
L3 Module: l3coffins 2016/08/19 v6685 L3 Coffin code layer
\l__coffin_internal_box=\box35
\l__coffin_internal_dim=\dimen122
\l__coffin_offset_x_dim=\dimen123
\l__coffin_offset_y_dim=\dimen124
\l__coffin_x_dim=\dimen125
\l__coffin_y_dim=\dimen126
\l__coffin_x_prime_dim=\dimen127
\l__coffin_y_prime_dim=\dimen128
\c_empty_coffin=\box36
\l__coffin_aligned_coffin=\box37
\l__coffin_aligned_internal_coffin=\box38
\l_tmpa_coffin=\box39
\l_tmpb_coffin=\box40
\l__coffin_display_coffin=\box41
\l__coffin_display_coord_coffin=\box42
\l__coffin_display_pole_coffin=\box43
\l__coffin_display_offset_dim=\dimen129
\l__coffin_display_x_dim=\dimen130
\l__coffin_display_y_dim=\dimen131
L3 Module: l3color 2016/06/13 v6596 L3 Experimental color support
L3 Module: l3sys 2015/09/25 v6087 L3 Experimental system/runtime functions
L3 Module: l3candidates 2016/08/19 v6688 L3 Experimental additions to l3kernel
\l__box_top_dim=\dimen132
\l__box_bottom_dim=\dimen133
\l__box_left_dim=\dimen134
\l__box_right_dim=\dimen135
\l__box_top_new_dim=\dimen136
\l__box_bottom_new_dim=\dimen137
\l__box_left_new_dim=\dimen138
\l__box_right_new_dim=\dimen139
\l__box_internal_box=\box44
\l__coffin_bounding_shift_dim=\dimen140
\l__coffin_left_corner_dim=\dimen141
\l__coffin_right_corner_dim=\dimen142
\l__coffin_bottom_corner_dim=\dimen143
\l__coffin_top_corner_dim=\dimen144
\l__coffin_scaled_total_height_dim=\dimen145
\l__coffin_scaled_width_dim=\dimen146
L3 Module: l3luatex 2016/08/18 v6679 L3 Experimental LuaTeX-specific functions
)
(D:\MiKTeX\tex\latex\l3kernel\l3xdvipdfmx.def
File: l3xdvidpfmx.def 2016/08/18 v6679 L3 Experimental driver: xdvipdfmx
\l__driver_tmp_box=\box45
))
Package: xeCJK 2016/10/25 v3.4.2 Typesetting CJK scripts with XeLaTeX

(D:\MiKTeX\tex\latex\l3packages\xtemplate\xtemplate.sty
Package: xtemplate 2016/10/19 v6730 L3 Experimental prototype document function
s
\l__xtemplate_tmp_dim=\dimen147
\l__xtemplate_tmp_int=\count126
\l__xtemplate_tmp_muskip=\muskip17
\l__xtemplate_tmp_skip=\skip58
)
(D:\MiKTeX\tex\latex\l3packages\xparse\xparse.sty
Package: xparse 2016/10/19 v6730 L3 Experimental document command parser
\l__xparse_current_arg_int=\count127
\l__xparse_m_args_int=\count128
\l__xparse_mandatory_args_int=\count129
\l__xparse_processor_int=\count130
\l__xparse_v_nesting_int=\count131
)
(D:\MiKTeX\tex\latex\l3packages\l3keys2e\l3keys2e.sty
Package: l3keys2e 2016/10/19 v6730 LaTeX2e option processing using LaTeX3 keys
)
\l__xeCJK_tmp_int=\count132
\l__xeCJK_tmp_box=\box46
\l__xeCJK_tmp_dim=\dimen148
\l__xeCJK_tmp_skip=\skip59
.................................................
. LaTeX info: "xparse/define-command"
. 
. Defining command \xeCJKShipoutHook with sig. '' on line 148.
.................................................
\g__xeCJK_spacefactor_int=\count133
\l__xeCJK_begin_int=\count134
\l__xeCJK_end_int=\count135
.................................................
. LaTeX info: "xparse/define-command"
. 
. Defining command \makexeCJKactive with sig. '' on line 377.
.................................................
.................................................
. LaTeX info: "xparse/define-command"
. 
. Defining command \makexeCJKinactive with sig. '' on line 378.
.................................................
\c__xeCJK_CJK_class_int=\XeTeXcharclass1
\c__xeCJK_FullLeft_class_int=\XeTeXcharclass2
\c__xeCJK_FullRight_class_int=\XeTeXcharclass3
\c__xeCJK_HalfLeft_class_int=\XeTeXcharclass4
\c__xeCJK_HalfRight_class_int=\XeTeXcharclass5
\c__xeCJK_NormalSpace_class_int=\XeTeXcharclass6
\c__xeCJK_CM_class_int=\XeTeXcharclass7
\c__xeCJK_HangulJamo_class_int=\XeTeXcharclass8
.................................................
. LaTeX info: "xparse/define-command"
. 
. Defining command \xeCJKDeclareCharClass with sig. 's>{\TrimSpaces }mm' on
. line 542.
.................................................
.................................................
. LaTeX info: "xparse/define-command"
. 
. Defining command \__xeCJK_set_char_class_aux:Nnw with sig.
. 'm>{\SplitArgument {1}{->}}m' on line 563.
.................................................
.................................................
. LaTeX info: "xparse/define-command"
. 
. Defining command \normalspacedchars with sig. 'm' on line 608.
.................................................
.................................................
. LaTeX info: "xparse/define-command"
. 
. Defining command \xeCJKResetPunctClass with sig. '' on line 619.
.................................................
.................................................
. LaTeX info: "xparse/define-command"
. 
. Defining command \xeCJKResetCharClass with sig. '' on line 631.
.................................................
\l__xeCJK_last_skip=\skip60
\g__xeCJK_node_int=\count136
\c__xeCJK_CJK_node_dim=\dimen149
\c__xeCJK_CJK-space_node_dim=\dimen150
\c__xeCJK_default_node_dim=\dimen151
\c__xeCJK_default-space_node_dim=\dimen152
\c__xeCJK_CJK-widow_node_dim=\dimen153
\c__xeCJK_normalspace_node_dim=\dimen154
\l__xeCJK_ccglue_skip=\skip61
\l__xeCJK_ecglue_skip=\skip62
.................................................
. LaTeX info: "xparse/define-command"
. 
. Defining command \xeCJKnobreak with sig. '' on line 1469.
.................................................
\l__xeCJK_widow_penalty_int=\count137
.................................................
. LaTeX info: "xparse/define-command"
. 
. Defining command \xeCJKDeclareSubCJKBlock with sig. 's>{\TrimSpaces }mm' on
. line 1665.
.................................................
.................................................
. LaTeX info: "xparse/define-command"
. 
. Defining command \xeCJKCancelSubCJKBlock with sig. 'sm' on line 1676.
.................................................
.................................................
. LaTeX info: "xparse/define-command"
. 
. Defining command \xeCJKRestoreSubCJKBlock with sig. 'sm' on line 1685.
.................................................
.................................................
. LaTeX info: "xparse/define-command"
. 
. Defining command \xeCJKsetwidth with sig. 'smm' on line 1783.
.................................................
.................................................
. LaTeX info: "xparse/define-command"
. 
. Defining command \xeCJKsetkern with sig. 'mmm' on line 1787.
.................................................
.................................................
. xtemplate info: "declare-object-type"
. 
. Declaring object type 'xeCJK/punctuation' taking \c_zero  argument(s) on
. line 1924.
.................................................
\l__xeCJK_fixed_punct_width_dim=\dimen155
\l__xeCJK_mixed_punct_width_dim=\dimen156
\l__xeCJK_middle_punct_width_dim=\dimen157
\l__xeCJK_fixed_margin_width_dim=\dimen158
\l__xeCJK_mixed_margin_width_dim=\dimen159
\l__xeCJK_middle_margin_width_dim=\dimen160
\l__xeCJK_bound_punct_width_dim=\dimen161
\l__xeCJK_bound_margin_width_dim=\dimen162
\l__xeCJK_margin_minimum_dim=\dimen163
\l__xeCJK_kerning_total_width_dim=\dimen164
\l__xeCJK_same_align_margin_dim=\dimen165
\l__xeCJK_different_align_margin_dim=\dimen166
\l__xeCJK_kerning_margin_width_dim=\dimen167
\l__xeCJK_kerning_margin_minimum_dim=\dimen168
\l__xeCJK_bound_dim=\dimen169
\l__xeCJK_reverse_bound_dim=\dimen170
\l__xeCJK_minimum_bound_dim=\dimen171
\l__xeCJK_kerning_margin_dim=\dimen172
\l__xeCJK_original_margin_dim=\dimen173
.................................................
. LaTeX info: "xparse/define-command"
. 
. Defining command \xeCJKDeclarePunctStyle with sig. '>{\TrimSpaces }mm' on
. line 2415.
.................................................
.................................................
. LaTeX info: "xparse/define-command"
. 
. Defining command \xeCJKEditPunctStyle with sig. '>{\TrimSpaces }mm' on line
. 2428.
.................................................
.................................................
. LaTeX info: "xparse/define-command"
. 
. Defining command \setCJKfallbackfamilyfont with sig. 'mO{}m' on line 2516.
.................................................
\g__xeCJK_family_int=\count138
.................................................
. LaTeX info: "xparse/define-command"
. 
. Defining command \CJKfamily with sig. 't+t-m' on line 2945.
.................................................
.................................................
. LaTeX info: "xparse/define-command"
. 
. Defining command \__xeCJK_gobble_CJKfamily:wn with sig. 't+t-m' on line
. 2959.
.................................................
.................................................
. LaTeX info: "xparse/define-command"
. 
. Defining command \setCJKmainfont with sig. 'O{}m' on line 3009.
.................................................
.................................................
. LaTeX info: "xparse/define-command"
. 
. Defining command \setCJKsansfont with sig. 'O{}m' on line 3015.
.................................................
.................................................
. LaTeX info: "xparse/define-command"
. 
. Defining command \setCJKmonofont with sig. 'O{}m' on line 3020.
.................................................
.................................................
. LaTeX info: "xparse/define-command"
. 
. Defining command \setCJKfamilyfont with sig. 'mO{}m' on line 3027.
.................................................
.................................................
. LaTeX info: "xparse/define-command"
. 
. Defining command \newCJKfontfamily with sig. 'omO{}m' on line 3033.
.................................................
.................................................
. LaTeX info: "xparse/define-command"
. 
. Defining command \CJKfontspec with sig. 'O{}m' on line 3038.
.................................................
.................................................
. LaTeX info: "xparse/define-command"
. 
. Defining command \defaultCJKfontfeatures with sig. 'm' on line 3061.
.................................................
.................................................
. LaTeX info: "xparse/define-command"
. 
. Defining command \addCJKfontfeatures with sig. 'sO{}m' on line 3067.
.................................................
.................................................
. LaTeX info: "xparse/define-command"
. 
. Defining command \setCJKmathfont with sig. 'O{}m' on line 3235.
.................................................
\l__xeCJK_fam_int=\count139
\g__xeCJK_fam_allocation_int=\count140
\l__xeCJK_verb_case_int=\count141
.................................................
. LaTeX info: "xparse/define-command"
. 
. Defining command \xeCJKVerbAddon with sig. '' on line 3475.
.................................................
.................................................
. LaTeX info: "xparse/define-command"
. 
. Defining command \xeCJKOffVerbAddon with sig. '' on line 3479.
.................................................
\l__xeCJK_verb_exspace_skip=\skip63

(D:\MiKTeX\tex\latex\fontspec\fontspec.sty
Package: fontspec 2016/02/01 v2.5a Font selection for XeLaTeX and LuaLaTeX

(D:\MiKTeX\tex\latex\fontspec\fontspec-xetex.sty
Package: fontspec-xetex 2016/02/01 v2.5a Font selection for XeLaTeX and LuaLaTe
X
\l_fontspec_script_int=\count142
\l_fontspec_language_int=\count143
\l_fontspec_strnum_int=\count144
\l__fontspec_tmpa_dim=\dimen174
\l__fontspec_tmpb_dim=\dimen175
\l__fontspec_tmpc_dim=\dimen176
\g__file_internal_ior=\read1

(D:\MiKTeX\tex\latex\base\fontenc.sty
Package: fontenc 2016/06/19 v1.99m Standard LaTeX package
 (D:\MiKTeX\tex\latex\euenc\eu1enc.def
File: eu1enc.def 2010/05/27 v0.1h Experimental Unicode font encodings
)
LaTeX Font Info:    Try loading font information for EU1+lmr on input line 105.


(D:\MiKTeX\tex\latex\euenc\eu1lmr.fd
File: eu1lmr.fd 2009/10/30 v1.6 Font defs for Latin Modern
))
(D:\MiKTeX\tex\xelatex\xunicode\xunicode.sty
File: xunicode.sty 2011/09/09 v0.981 provides access to latin accents and many 
other characters in Unicode lower plane

(D:\MiKTeX\tex\latex\tipa\t3enc.def
File: t3enc.def 2001/12/31 T3 encoding
LaTeX Font Info:    Try loading font information for EU1+lmss on input line 357
.
 (D:\MiKTeX\tex\latex\euenc\eu1lmss.fd
File: eu1lmss.fd 2009/10/30 v1.6 Font defs for Latin Modern
))
\tipaTiiicode=\count145
\tipasavetokens=\toks22
\tipachecktokens=\toks23
)
.................................................
. LaTeX info: "xparse/define-command"
. 
. Defining command \__fontspec_post_arg:w with sig. 'mmO{}' on line 353.
.................................................
.................................................
. LaTeX info: "xparse/define-command"
. 
. Defining command \fontspec with sig. 'om' on line 355.
.................................................
.................................................
. LaTeX info: "xparse/define-command"
. 
. Defining command \setmainfont with sig. 'om' on line 365.
.................................................
.................................................
. LaTeX info: "xparse/define-command"
. 
. Defining command \setsansfont with sig. 'om' on line 375.
.................................................
.................................................
. LaTeX info: "xparse/define-command"
. 
. Defining command \setmonofont with sig. 'om' on line 385.
.................................................
.................................................
. LaTeX info: "xparse/define-command"
. 
. Defining command \setmathrm with sig. 'om' on line 399.
.................................................
.................................................
. LaTeX info: "xparse/define-command"
. 
. Defining command \setboldmathrm with sig. 'om' on line 407.
.................................................
.................................................
. LaTeX info: "xparse/define-command"
. 
. Defining command \setmathsf with sig. 'om' on line 415.
.................................................
.................................................
. LaTeX info: "xparse/define-command"
. 
. Defining command \setmathtt with sig. 'om' on line 423.
.................................................
.................................................
. LaTeX info: "xparse/define-command"
. 
. Defining command \newfontfamily with sig. 'mom' on line 437.
.................................................
.................................................
. LaTeX info: "xparse/define-command"
. 
. Defining command \newfontface with sig. 'mom' on line 453.
.................................................
.................................................
. LaTeX info: "xparse/define-command"
. 
. Defining command \defaultfontfeatures with sig. 't+om' on line 467.
.................................................
.................................................
. LaTeX info: "xparse/define-command"
. 
. Defining command \addfontfeatures with sig. 'm' on line 529.
.................................................
.................................................
. LaTeX info: "xparse/define-command"
. 
. Defining command \newfontfeature with sig. 'mm' on line 540.
.................................................
.................................................
. LaTeX info: "xparse/define-command"
. 
. Defining command \newAATfeature with sig. 'mmmm' on line 548.
.................................................
.................................................
. LaTeX info: "xparse/define-command"
. 
. Defining command \newopentypefeature with sig. 'mmm' on line 556.
.................................................
.................................................
. LaTeX info: "xparse/define-command"
. 
. Defining command \aliasfontfeature with sig. 'mm' on line 577.
.................................................
.................................................
. LaTeX info: "xparse/define-command"
. 
. Defining command \aliasfontfeatureoption with sig. 'mmm' on line 586.
.................................................
.................................................
. LaTeX info: "xparse/define-command"
. 
. Defining command \newfontscript with sig. 'mm' on line 590.
.................................................
.................................................
. LaTeX info: "xparse/define-command"
. 
. Defining command \newfontlanguage with sig. 'mm' on line 594.
.................................................
.................................................
. LaTeX info: "xparse/define-command"
. 
. Defining command \DeclareFontsExtensions with sig. 'm' on line 599.
.................................................
\l__fontspec_tmp_int=\count146

(D:\MiKTeX\tex\latex\fontspec\fontspec.cfg)
LaTeX Info: Redefining \itshape on input line 2705.
LaTeX Info: Redefining \slshape on input line 2710.
LaTeX Info: Redefining \scshape on input line 2715.
LaTeX Info: Redefining \upshape on input line 2720.
\l__fontspec_em_int=\count147
\l__fontspec_emdef_int=\count148
LaTeX Info: Redefining \em on input line 2736.
LaTeX Info: Redefining \emph on input line 2742.
LaTeX Info: Redefining \- on input line 2746.
.................................................
. LaTeX info: "xparse/redefine-command"
. 
. Redefining command \oldstylenums with sig. 'm' on line 2841.
.................................................
.................................................
. LaTeX info: "xparse/define-command"
. 
. Defining command \liningnums with sig. 'm' on line 2845.
.................................................
))
(D:\MiKTeX\tex\xelatex\xecjk\xunicode-addon.sty
Package: xunicode-addon 2016/10/25 v3.4.2 addon file for xunicode
.................................................
. LaTeX info: "xparse/redefine-command"
. 
. Redefining command \ReloadXunicode with sig. 'm' on line 84.
.................................................
.................................................
. LaTeX info: "xparse/redefine-command"
. 
. Redefining command \DeclareUTFmathsymbols with sig. 'm' on line 129.
.................................................
.................................................
. LaTeX info: "xparse/redefine-command"
. 
. Redefining command \UseMathAsText with sig. '' on line 138.
.................................................
.................................................
. LaTeX info: "xparse/redefine-command"
. 
. Redefining command \UndeclareUTFcharacter with sig. 'O{\UTFencname }mm' on
. line 173.
.................................................
.................................................
. LaTeX info: "xparse/redefine-command"
. 
. Redefining command \UndeclareUTFcomposite with sig. 'O{\UTFencname }mmm' on
. line 180.
.................................................
.................................................
. LaTeX info: "xparse/redefine-command"
. 
. Redefining command \DeclareUTFcharacter with sig. 'O{\UTFencname }mm' on
. line 207.
.................................................
.................................................
. LaTeX info: "xparse/define-command"
. 
. Defining command \DeclareUTFSymbol with sig. 'mO{\UTFencname }m' on line
. 233.
.................................................
.................................................
. LaTeX info: "xparse/define-command"
. 
. Defining command \DeclareUTFCommand with sig. 'mO{\UTFencname }m' on line
. 235.
.................................................
.................................................
. LaTeX info: "xparse/redefine-command"
. 
. Redefining command \DeclareUTFcomposite with sig. 'O{\UTFencname }mmm' on
. line 278.
.................................................
.................................................
. LaTeX info: "xparse/define-command"
. 
. Defining command \DeclareUTFCompositeCommand with sig. 'mO{\UTFencname }mm'
. on line 291.
.................................................
.................................................
. LaTeX info: "xparse/define-command"
. 
. Defining command \DeclareUTFCompositeSymbol with sig. 'mO{\UTFencname }mm'
. on line 296.
.................................................
.................................................
. LaTeX info: "xparse/define-command"
. 
. Defining command \DeclareUTFComposite with sig. 'mO{\UTFencname }' on line
. 298.
.................................................
.................................................
. LaTeX info: "xparse/define-command"
. 
. Defining command \DeclareUTFEncodedAccent with sig. 'mO{\UTFencname }mm' on
. line 300.
.................................................
.................................................
. LaTeX info: "xparse/define-command"
. 
. Defining command \DeclareUTFEncodedAccents with sig. 'mO{\UTFencname }mm' on
. line 302.
.................................................
.................................................
. LaTeX info: "xparse/define-command"
. 
. Defining command \DeclareUTFEncodedSymbol with sig. 'mO{\UTFencname }mm' on
. line 304.
.................................................
.................................................
. LaTeX info: "xparse/define-command"
. 
. Defining command \DeclareUTFEncodedCircle with sig. 'mO{\UTFencname }mm' on
. line 306.
.................................................
.................................................
. LaTeX info: "xparse/redefine-command"
. 
. Redefining command \DeclareEncodedCompositeCharacter with sig. 'mmmm' on
. line 308.
.................................................
.................................................
. LaTeX info: "xparse/redefine-command"
. 
. Redefining command \DeclareEncodedCompositeAccents with sig. 'mmmm' on line
. 310.
.................................................
.................................................
. LaTeX info: "xparse/define-command"
. 
. Defining command \DeclareUTFDoubleEncodedAccent with sig. 'mO{\UTFencname
. }mm' on line 312.
.................................................
.................................................
. LaTeX info: "xparse/define-command"
. 
. Defining command \DeclareUTFDoubleEncodedSymbol with sig. 'mO{\UTFencname
. }mm' on line 314.
.................................................
\l__xunadd_tmp_coffin=\box47
\l__xunadd_circle_coffin=\box48
.................................................
. LaTeX info: "xparse/define-command"
. 
. Defining command \settextcircledratio with sig. 'm' on line 465.
.................................................
.................................................
. LaTeX info: "xparse/define-command"
. 
. Defining command \AtBeginUTFCommand with sig. 'sO{}+m' on line 534.
.................................................
.................................................
. LaTeX info: "xparse/define-command"
. 
. Defining command \AtEndUTFCommand with sig. 'sO{}+m' on line 544.
.................................................
.................................................
. LaTeX info: "xparse/define-command"
. 
. Defining command \DeclareUTFTIPACommand with sig. 'O{\UTFencname }m' on line
. 576.
.................................................
)
(D:\MiKTeX\tex\xelatex\xunicode\xunicode.sty
File: xunicode.sty 2011/09/09 v0.981 provides access to latin accents and many 
other characters in Unicode lower plane

*** Reloading Xunicode for encoding 'EU1' ***
) (D:\MiKTeX\tex\xelatex\xecjk\xunicode-extra.def
File: xunicode-extra.def 2016/10/25 v3.4.2 extra definition for xunicode
)
.................................................
. LaTeX info: "xparse/define-command"
. 
. Defining command \xeCJKsetup with sig. '+m' on line 3780.
.................................................
.................................................
. LaTeX info: "xparse/define-command"
. 
. Defining command \xeCJKsetemboldenfactor with sig. 'm' on line 3782.
.................................................
.................................................
. LaTeX info: "xparse/define-command"
. 
. Defining command \xeCJKsetslantfactor with sig. 'm' on line 3784.
.................................................
.................................................
. LaTeX info: "xparse/define-command"
. 
. Defining command \punctstyle with sig. 'm' on line 3785.
.................................................
.................................................
. LaTeX info: "xparse/define-command"
. 
. Defining command \xeCJKplainchr with sig. '' on line 3786.
.................................................
.................................................
. LaTeX info: "xparse/define-command"
. 
. Defining command \CJKsetecglue with sig. 'm' on line 3787.
.................................................
.................................................
. LaTeX info: "xparse/define-command"
. 
. Defining command \CJKspace with sig. '' on line 3789.
.................................................
.................................................
. LaTeX info: "xparse/define-command"
. 
. Defining command \CJKnospace with sig. '' on line 3790.
.................................................
.................................................
. LaTeX info: "xparse/define-command"
. 
. Defining command \xeCJKallowbreakbetweenpuncts with sig. '' on line 3792.
.................................................
.................................................
. LaTeX info: "xparse/define-command"
. 
. Defining command \xeCJKnobreakbetweenpuncts with sig. '' on line 3794.
.................................................
.................................................
. LaTeX info: "xparse/define-command"
. 
. Defining command \xeCJKenablefallback with sig. '' on line 3796.
.................................................
.................................................
. LaTeX info: "xparse/define-command"
. 
. Defining command \xeCJKdisablefallback with sig. '' on line 3798.
.................................................
.................................................
. LaTeX info: "xparse/define-command"
. 
. Defining command \xeCJKsetcharclass with sig. 'mmm' on line 3803.
.................................................
.................................................
. LaTeX info: "xparse/redefine-command"
. 
. Redefining command \nobreakspace with sig. '' on line 3946.
.................................................
.................................................
. LaTeX info: "xparse/redefine-command"
. 
. Redefining command \fontfamily with sig. 'm' on line 3992.
.................................................

(D:\MiKTeX\tex\xelatex\xecjk\xeCJK.cfg
File: xeCJK.cfg 2016/10/25 v3.4.2 Configuration file for xeCJK package
))
(D:\MiKTeX\tex\latex\hyperref\hyperref.sty
Package: hyperref 2016/06/24 v6.83q Hypertext links for LaTeX

(D:\MiKTeX\tex\generic\oberdiek\hobsub-hyperref.sty
Package: hobsub-hyperref 2016/05/16 v1.14 Bundle oberdiek, subset hyperref (HO)


(D:\MiKTeX\tex\generic\oberdiek\hobsub-generic.sty
Package: hobsub-generic 2016/05/16 v1.14 Bundle oberdiek, subset generic (HO)
Package: hobsub 2016/05/16 v1.14 Construct package bundles (HO)
Package: infwarerr 2016/05/16 v1.4 Providing info/warning/error messages (HO)
Package: ltxcmds 2016/05/16 v1.23 LaTeX kernel commands for general use (HO)
Package: ifluatex 2016/05/16 v1.4 Provides the ifluatex switch (HO)
Package ifluatex Info: LuaTeX not detected.
Package: ifvtex 2016/05/16 v1.6 Detect VTeX and its facilities (HO)
Package ifvtex Info: VTeX not detected.
Package: intcalc 2016/05/16 v1.2 Expandable calculations with integers (HO)
Package: ifpdf 2016/05/14 v3.1 Provides the ifpdf switch
Package: etexcmds 2016/05/16 v1.6 Avoid name clashes with e-TeX commands (HO)
Package etexcmds Info: Could not find \expanded.
(etexcmds)             That can mean that you are not using pdfTeX 1.50 or
(etexcmds)             that some package has redefined \expanded.
(etexcmds)             In the latter case, load this package earlier.
Package: kvsetkeys 2016/05/16 v1.17 Key value parser (HO)
Package: kvdefinekeys 2016/05/16 v1.4 Define keys (HO)
Package: pdftexcmds 2016/05/21 v0.22 Utility functions of pdfTeX for LuaTeX (HO
)
Package pdftexcmds Info: LuaTeX not detected.
Package pdftexcmds Info: pdfTeX >= 1.30 not detected.
Package pdftexcmds Info: \pdf@primitive is available.
Package pdftexcmds Info: \pdf@ifprimitive is available.
Package pdftexcmds Info: \pdfdraftmode not found.
Package: pdfescape 2016/05/16 v1.14 Implements pdfTeX's escape features (HO)
Package: bigintcalc 2016/05/16 v1.4 Expandable calculations on big integers (HO
)
Package: bitset 2016/05/16 v1.2 Handle bit-vector datatype (HO)
Package: uniquecounter 2016/05/16 v1.3 Provide unlimited unique counter (HO)
)
Package hobsub Info: Skipping package `hobsub' (already loaded).
Package: letltxmacro 2016/05/16 v1.5 Let assignment for LaTeX macros (HO)
Package: hopatch 2016/05/16 v1.3 Wrapper for package hooks (HO)
Package: xcolor-patch 2016/05/16 xcolor patch
Package: atveryend 2016/05/16 v1.9 Hooks at the very end of document (HO)
Package atveryend Info: \enddocument detected (standard20110627).
Package: atbegshi 2016/06/09 v1.18 At begin shipout hook (HO)
Package: refcount 2016/05/16 v3.5 Data extraction from label references (HO)
Package: hycolor 2016/05/16 v1.8 Color options for hyperref/bookmark (HO)
)
(D:\MiKTeX\tex\generic\ifxetex\ifxetex.sty
Package: ifxetex 2010/09/12 v0.6 Provides ifxetex conditional
)
(D:\MiKTeX\tex\latex\oberdiek\auxhook.sty
Package: auxhook 2016/05/16 v1.4 Hooks for auxiliary files (HO)
)
(D:\MiKTeX\tex\latex\oberdiek\kvoptions.sty
Package: kvoptions 2016/05/16 v3.12 Key value format for package options (HO)
)
\@linkdim=\dimen177
\Hy@linkcounter=\count149
\Hy@pagecounter=\count150

(D:\MiKTeX\tex\latex\hyperref\pd1enc.def
File: pd1enc.def 2016/06/24 v6.83q Hyperref: PDFDocEncoding definition (HO)
)
\Hy@SavedSpaceFactor=\count151

(D:\MiKTeX\tex\latex\00miktex\hyperref.cfg
File: hyperref.cfg 2002/06/06 v1.2 hyperref configuration of TeXLive
)
Package hyperref Info: Option `colorlinks' set `true' on input line 4362.
Package hyperref Info: Hyper figures OFF on input line 4486.
Package hyperref Info: Link nesting OFF on input line 4491.
Package hyperref Info: Hyper index ON on input line 4494.
Package hyperref Info: Plain pages OFF on input line 4501.
Package hyperref Info: Backreferencing OFF on input line 4506.
Package hyperref Info: Implicit mode ON; LaTeX internals redefined.
Package hyperref Info: Bookmarks ON on input line 4735.
\c@Hy@tempcnt=\count152
 (D:\MiKTeX\tex\latex\url\url.sty
\Urlmuskip=\muskip18
Package: url 2013/09/16  ver 3.4  Verb mode for urls, etc.
)
LaTeX Info: Redefining \url on input line 5088.
\XeTeXLinkMargin=\dimen178
\Fld@menulength=\count153
\Field@Width=\dimen179
\Fld@charsize=\dimen180
Package hyperref Info: Hyper figures OFF on input line 6342.
Package hyperref Info: Link nesting OFF on input line 6347.
Package hyperref Info: Hyper index ON on input line 6350.
Package hyperref Info: backreferencing OFF on input line 6357.
Package hyperref Info: Link coloring ON on input line 6360.
Package hyperref Info: Link coloring with OCG OFF on input line 6367.
Package hyperref Info: PDF/A mode OFF on input line 6372.
LaTeX Info: Redefining \ref on input line 6412.
LaTeX Info: Redefining \pageref on input line 6416.
\Hy@abspage=\count154
\c@Item=\count155
\c@Hfootnote=\count156
)

Package hyperref Message: Driver (autodetected): hxetex.

(D:\MiKTeX\tex\latex\hyperref\hxetex.def
File: hxetex.def 2016/06/24 v6.83q Hyperref driver for XeTeX

(D:\MiKTeX\tex\latex\hyperref\puenc.def
File: puenc.def 2016/06/24 v6.83q Hyperref: PDF Unicode definition (HO)
)
(D:\MiKTeX\tex\generic\oberdiek\stringenc.sty
Package: stringenc 2016/05/16 v1.11 Convert strings between diff. encodings (HO
)
)
\pdfm@box=\box49
\c@Hy@AnnotLevel=\count157
\HyField@AnnotCount=\count158
\Fld@listcount=\count159
\c@bookmark@seq@number=\count160

(D:\MiKTeX\tex\latex\oberdiek\rerunfilecheck.sty
Package: rerunfilecheck 2016/05/16 v1.8 Rerun checks for auxiliary files (HO)
Package rerunfilecheck Info: Feature \pdfmdfivesum is not available
(rerunfilecheck)             (e.g. pdfTeX or LuaTeX with package `pdftexcmds').

(rerunfilecheck)             Therefore file contents cannot be checked efficien
tly
(rerunfilecheck)             and the loading of the package is aborted.
)
\Hy@SectionHShift=\skip64
)
(D:\MiKTeX\tex\latex\algorithm2e\algorithm2e.sty
Invalid UTF-8 byte or sequence at line 275 replaced by U+FFFD.
Invalid UTF-8 byte or sequence at line 290 replaced by U+FFFD.
Invalid UTF-8 byte or sequence at line 540 replaced by U+FFFD.
Package: algorithm2e 2013/01/06 v5.00 algorithms environments
\c@AlgoLine=\count161

(D:\MiKTeX\tex\latex\base\ifthen.sty
Package: ifthen 2014/09/29 v1.1c Standard LaTeX ifthen package (DPC)
)
Invalid UTF-8 byte or sequence at line 1311 replaced by U+FFFD.
Invalid UTF-8 byte or sequence at line 1313 replaced by U+FFFD.
Invalid UTF-8 byte or sequence at line 1315 replaced by U+FFFD.
\algocf@hangindent=\skip65
 (D:\MiKTeX\tex\latex\tools\xspace.sty
Package: xspace 2014/10/28 v1.13 Space after command names (DPC,MH)
)
(D:\MiKTeX\tex\latex\ltxmisc\relsize.sty
Package: relsize 2003/07/04 ver 3.1
)
********************************************************
Package `algorithm2e' Release 5.1 -- october 19 2015 --
- algorithm2e-announce@lirmm.fr mailing list for announcement about releases
- algorithm2e-discussion@lirmm.fr mailing list for discussion about package
subscribe by emailing sympa@lirmm.fr with 'subscribe <list> <firstname name>'
- Author: Christophe Fiorio (christophe.fiorio@umontpellier.fr)
********************************************************
\skiptotal=\skip66
\skiplinenumber=\skip67
\skiprule=\skip68
\skiphlne=\skip69
\skiptext=\skip70
\skiplength=\skip71
\algomargin=\skip72
\skipalgocfslide=\skip73
\algowidth=\dimen181
\inoutsize=\dimen182
\inoutindent=\dimen183
\interspacetitleruled=\dimen184
\interspacealgoruled=\dimen185
\interspacetitleboxruled=\dimen186
\algocf@ruledwidth=\skip74
\algocf@inoutbox=\box50
\algocf@inputbox=\box51
\AlCapSkip=\skip75
\AlCapHSkip=\skip76
\algoskipindent=\skip77
\algocf@nlbox=\box52
\algocf@hangingbox=\box53
\algocf@untilbox=\box54
\algocf@skipuntil=\skip78
\algocf@capbox=\box55
\algoheightruledefault=\skip79
\algoheightrule=\skip80
\algotitleheightruledefault=\skip81
\algotitleheightrule=\skip82
\c@algocfline=\count162
\c@algocfproc=\count163
\c@algocf=\count164
\algocf@algoframe=\box56
\algocf@algobox=\box57
) (D:\MiKTeX\tex\latex\amsfonts\amsfonts.sty
Package: amsfonts 2013/01/14 v3.01 Basic AMSFonts support
\symAMSa=\mathgroup4
\symAMSb=\mathgroup5
LaTeX Font Info:    Overwriting math alphabet `\mathfrak' in version `bold'
(Font)                  U/euf/m/n --> U/euf/b/n on input line 106.
)
(D:\MiKTeX\tex\latex\graphics\epsfig.sty
Package: epsfig 1999/02/16 v1.7a (e)psfig emulation (SPQR)
\epsfxsize=\dimen187
\epsfysize=\dimen188
)
(D:\MiKTeX\tex\latex\listings\listings.sty
\lst@mode=\count165
\lst@gtempboxa=\box58
\lst@token=\toks24
\lst@length=\count166
\lst@currlwidth=\dimen189
\lst@column=\count167
\lst@pos=\count168
\lst@lostspace=\dimen190
\lst@width=\dimen191
\lst@newlines=\count169
\lst@lineno=\count170
\lst@maxwidth=\dimen192

(D:\MiKTeX\tex\latex\listings\lstmisc.sty
File: lstmisc.sty 2015/06/04 1.6 (Carsten Heinz)
\c@lstnumber=\count171
\lst@skipnumbers=\count172
\lst@framebox=\box59
)
(D:\MiKTeX\tex\latex\listings\listings.cfg
File: listings.cfg 2015/06/04 1.6 listings configuration
))
Package: listings 2015/06/04 1.6 (Carsten Heinz)

(D:\MiKTeX\tex\latex\xcolor\xcolor.sty
Package: xcolor 2016/05/11 v2.12 LaTeX color extensions (UK)
 (D:\MiKTeX\tex\latex\00miktex\color.cfg
File: color.cfg 2016/01/02 v1.6 sample color configuration
)
Package xcolor Info: Driver file: xetex.def on input line 225.
Package xcolor Info: Model `cmy' substituted by `cmy0' on input line 1348.
Package xcolor Info: Model `RGB' extended on input line 1364.
Package xcolor Info: Model `HTML' substituted by `rgb' on input line 1366.
Package xcolor Info: Model `Hsb' substituted by `hsb' on input line 1367.
Package xcolor Info: Model `tHsb' substituted by `hsb' on input line 1368.
Package xcolor Info: Model `HSB' substituted by `hsb' on input line 1369.
Package xcolor Info: Model `Gray' substituted by `gray' on input line 1370.
Package xcolor Info: Model `wave' substituted by `hsb' on input line 1371.
) (D:\MiKTeX\tex\latex\listings\lstlang1.sty
File: lstlang1.sty 2015/06/04 1.6 listings language file
)
(D:\MiKTeX\tex\latex\listings\lstlang1.sty
File: lstlang1.sty 2015/06/04 1.6 listings language file
)
(D:\MiKTeX\tex\latex\listings\lstmisc.sty
File: lstmisc.sty 2015/06/04 1.6 (Carsten Heinz)
)
*************************************************
* xeCJK warning: "CJKfamily-Unknown"
* 
* Unknown CJK family `\CJKrmdefault' is being ignored.
* 
* Try to use `\setCJKmainfont[...]{...}' to define it.
*************************************************
*************************************************
* xeCJK warning: "CJKfamilydefault-undefined"
* 
* Undefined CJK default family `\CJKrmdefault' has been replaced by
* `\CJKttdefault'.
* 
* Try to use `\setCJKmainfont[...]{...}' to define it.
*************************************************
\g__fontspec_family_SimSun_int=\count173
.................................................
. fontspec info: "no-font-shape"
. 
. Could not resolve font SimSun/BI (it probably doesn't exist).
.................................................
.................................................
. fontspec info: "no-font-shape"
. 
. Could not resolve font SimSun/B (it probably doesn't exist).
.................................................
.................................................
. fontspec info: "no-font-shape"
. 
. Could not resolve font SimSun/I (it probably doesn't exist).
.................................................
.................................................
. fontspec info: "defining-font"
. 
. Font family 'SimSun(0)' created for font 'SimSun' with options
. [Script={CJK}].
. 
. This font family consists of the following NFSS series/shapes:
. - 'normal' (m/n) with NFSS spec.: <->"SimSun/OT:script=hani;language=DFLT;"
. - 'small caps'  (m/sc) with NFSS spec.: 
.................................................
(D:\MiKTeX\tex\xelatex\xecjk\xeCJK-listings.sty
Package: xeCJK-listings 2016/10/25 v3.4.2 xeCJK patch file for listings
\l__xeCJK_listings_max_char_int=\count174
\l__xeCJK_listings_flag_int=\count175
)

LaTeX Warning: Unused global option(s):
    [UTF8,MicrosoftYaHei].

(DeepCamera.aux)
\openout1 = `DeepCamera.aux'.

LaTeX Font Info:    Checking defaults for OML/cmm/m/it on input line 52.
LaTeX Font Info:    ... okay on input line 52.
LaTeX Font Info:    Checking defaults for T1/cmr/m/n on input line 52.
LaTeX Font Info:    ... okay on input line 52.
LaTeX Font Info:    Checking defaults for OT1/cmr/m/n on input line 52.
LaTeX Font Info:    ... okay on input line 52.
LaTeX Font Info:    Checking defaults for OMS/cmsy/m/n on input line 52.
LaTeX Font Info:    ... okay on input line 52.
LaTeX Font Info:    Checking defaults for OMX/cmex/m/n on input line 52.
LaTeX Font Info:    ... okay on input line 52.
LaTeX Font Info:    Checking defaults for U/cmr/m/n on input line 52.
LaTeX Font Info:    ... okay on input line 52.
LaTeX Font Info:    Checking defaults for EU1/lmr/m/n on input line 52.
LaTeX Font Info:    ... okay on input line 52.
LaTeX Font Info:    Checking defaults for T3/cmr/m/n on input line 52.
LaTeX Font Info:    Try loading font information for T3+cmr on input line 52.
 (D:\MiKTeX\tex\latex\tipa\t3cmr.fd
File: t3cmr.fd 2001/12/31 TIPA font definitions
)
LaTeX Font Info:    ... okay on input line 52.
LaTeX Font Info:    Checking defaults for PD1/pdf/m/n on input line 52.
LaTeX Font Info:    ... okay on input line 52.
LaTeX Font Info:    Checking defaults for PU/pdf/m/n on input line 52.
LaTeX Font Info:    ... okay on input line 52.
.................................................
. fontspec info: "setup-math"
. 
. Adjusting the maths setup (use [no-math] to avoid this).
.................................................
\symlegacymaths=\mathgroup6
LaTeX Font Info:    Overwriting symbol font `legacymaths' in version `bold'
(Font)                  OT1/cmr/m/n --> OT1/cmr/bx/n on input line 52.
LaTeX Font Info:    Redeclaring math accent \acute on input line 52.
LaTeX Font Info:    Redeclaring math accent \grave on input line 52.
LaTeX Font Info:    Redeclaring math accent \ddot on input line 52.
LaTeX Font Info:    Redeclaring math accent \tilde on input line 52.
LaTeX Font Info:    Redeclaring math accent \bar on input line 52.
LaTeX Font Info:    Redeclaring math accent \breve on input line 52.
LaTeX Font Info:    Redeclaring math accent \check on input line 52.
LaTeX Font Info:    Redeclaring math accent \hat on input line 52.
LaTeX Font Info:    Redeclaring math accent \dot on input line 52.
LaTeX Font Info:    Redeclaring math accent \mathring on input line 52.
LaTeX Font Info:    Redeclaring math symbol \Gamma on input line 52.
LaTeX Font Info:    Redeclaring math symbol \Delta on input line 52.
LaTeX Font Info:    Redeclaring math symbol \Theta on input line 52.
LaTeX Font Info:    Redeclaring math symbol \Lambda on input line 52.
LaTeX Font Info:    Redeclaring math symbol \Xi on input line 52.
LaTeX Font Info:    Redeclaring math symbol \Pi on input line 52.
LaTeX Font Info:    Redeclaring math symbol \Sigma on input line 52.
LaTeX Font Info:    Redeclaring math symbol \Upsilon on input line 52.
LaTeX Font Info:    Redeclaring math symbol \Phi on input line 52.
LaTeX Font Info:    Redeclaring math symbol \Psi on input line 52.
LaTeX Font Info:    Redeclaring math symbol \Omega on input line 52.
LaTeX Font Info:    Redeclaring math symbol \mathdollar on input line 52.
LaTeX Font Info:    Redeclaring symbol font `operators' on input line 52.
LaTeX Font Info:    Encoding `OT1' has changed to `EU1' for symbol font
(Font)              `operators' in the math version `normal' on input line 52.
LaTeX Font Info:    Overwriting symbol font `operators' in version `normal'
(Font)                  OT1/cmr/m/n --> EU1/lmr/m/n on input line 52.
LaTeX Font Info:    Encoding `OT1' has changed to `EU1' for symbol font
(Font)              `operators' in the math version `bold' on input line 52.
LaTeX Font Info:    Overwriting symbol font `operators' in version `bold'
(Font)                  OT1/cmr/bx/n --> EU1/lmr/m/n on input line 52.
LaTeX Font Info:    Overwriting symbol font `operators' in version `normal'
(Font)                  EU1/lmr/m/n --> EU1/lmr/m/n on input line 52.
LaTeX Font Info:    Overwriting math alphabet `\mathit' in version `normal'
(Font)                  OT1/cmr/m/it --> EU1/lmr/m/it on input line 52.
LaTeX Font Info:    Overwriting math alphabet `\mathbf' in version `normal'
(Font)                  OT1/cmr/bx/n --> EU1/lmr/bx/n on input line 52.
LaTeX Font Info:    Overwriting math alphabet `\mathsf' in version `normal'
(Font)                  OT1/cmss/m/n --> EU1/lmss/m/n on input line 52.
LaTeX Font Info:    Overwriting math alphabet `\mathtt' in version `normal'
(Font)                  OT1/cmtt/m/n --> EU1/lmtt/m/n on input line 52.
LaTeX Font Info:    Overwriting symbol font `operators' in version `bold'
(Font)                  EU1/lmr/m/n --> EU1/lmr/bx/n on input line 52.
LaTeX Font Info:    Overwriting math alphabet `\mathit' in version `bold'
(Font)                  OT1/cmr/bx/it --> EU1/lmr/bx/it on input line 52.
LaTeX Font Info:    Overwriting math alphabet `\mathsf' in version `bold'
(Font)                  OT1/cmss/bx/n --> EU1/lmss/bx/n on input line 52.
LaTeX Font Info:    Overwriting math alphabet `\mathtt' in version `bold'
(Font)                  OT1/cmtt/m/n --> EU1/lmtt/bx/n on input line 52.
\AtBeginShipoutBox=\box60
Package hyperref Info: Link coloring ON on input line 52.

(D:\MiKTeX\tex\latex\hyperref\nameref.sty
Package: nameref 2016/05/21 v2.44 Cross-referencing by name of section

(D:\MiKTeX\tex\generic\oberdiek\gettitlestring.sty
Package: gettitlestring 2016/05/16 v1.5 Cleanup title references (HO)
)
\c@section@level=\count176
)
LaTeX Info: Redefining \ref on input line 52.
LaTeX Info: Redefining \pageref on input line 52.
LaTeX Info: Redefining \nameref on input line 52.
 (DeepCamera.out)
(DeepCamera.out)
\@outlinefile=\write3
\openout3 = `DeepCamera.out'.

\c@lstlisting=\count177
LaTeX Font Info:    Try loading font information for U+msa on input line 54.
 (D:\MiKTeX\tex\latex\amsfonts\umsa.fd
File: umsa.fd 2013/01/14 v3.01 AMS symbols A
)
LaTeX Font Info:    Try loading font information for U+msb on input line 54.

(D:\MiKTeX\tex\latex\amsfonts\umsb.fd
File: umsb.fd 2013/01/14 v3.01 AMS symbols B
)
! Missing } inserted.
<inserted text> 
                }
l.54   \vspace
              {15mm}
I've put in what seems to be necessary to fix
the current column of the current alignment.
Try to go on, since this might almost work.

! Missing { inserted.
<inserted text> 
                {
l.54   \vspace
              {15mm}
I've put in what seems to be necessary to fix
the current column of the current alignment.
Try to go on, since this might almost work.

(D:\MiKTeX\tex\generic\oberdiek\se-ascii-print.def
File: se-ascii-print.def 2016/05/16 v1.11 stringenc: Printable ASCII characters

) [1


] [2

] (DeepCamera.toc

LaTeX Font Warning: Font shape `EU1/SimSun(0)/bx/n' undefined
(Font)              using `EU1/SimSun(0)/m/n' instead on input line 1.

[3] [4])
\tf@toc=\write4
\openout4 = `DeepCamera.toc'.

 [5] [6

]
Chapter 1.
[7]
LaTeX Font Info:    Try loading font information for EU1+lmtt on input line 94.

 (D:\MiKTeX\tex\latex\euenc\eu1lmtt.fd
File: eu1lmtt.fd 2009/10/30 v1.6 Font defs for Latin Modern
)

LaTeX Font Warning: Font shape `EU1/SimSun(0)/m/sl' undefined
(Font)              using `EU1/SimSun(0)/m/n' instead on input line 95.

[8] [9] [10

]
Chapter 2.
[11]
File: ./img/JNI.png Graphic file (type QTm)
 <use  "./img/JNI.png" >
Underfull \vbox (badness 10000) has occurred while \output is active []

 [12]
[13] [14

]
Chapter 3.
File: img/outline.png Graphic file (type QTm)
<use  "img/outline.png" > [15] [16

]
Chapter 4.
(D:\MiKTeX\tex\latex\listings\lstlang1.sty
File: lstlang1.sty 2015/06/04 1.6 listings language file
)
Overfull \hbox (49.20401pt too wide) in paragraph at lines 200--201
[][][][][][][][][][][][][][][][][][][][][][][][][][][][][][][][][][] 
 []


Overfull \hbox (97.8045pt too wide) in paragraph at lines 202--203
[][][][][][][][][][][][][][][][][][][][][][][][][][][] 
 []

[17]
Overfull \hbox (33.00385pt too wide) in paragraph at lines 222--223
[][][][][][][][][][][][][][][][][][][] 
 []


Overfull \hbox (60.00412pt too wide) in paragraph at lines 225--226
[][][][][][][][][][][][][][][][][][][][][][][][][][][][][][][][][][][][][][][][
][][] 
 []


Overfull \hbox (54.60406pt too wide) in paragraph at lines 226--227
[][][][][][][][][][][][][][][][][][][][][][][][][][][][][][][][][][][][][][][][
][][] 
 []


Overfull \hbox (16.80368pt too wide) in paragraph at lines 227--228
[][][][][][][][][][][][][][][][][][][][][][][][][][][][][][][][][][][][][][] 
 []


Overfull \hbox (16.80368pt too wide) in paragraph at lines 237--238
[][][][][][][][][][][][][][][][][][][][][][][][][][][][] 
 []


Overfull \hbox (49.20401pt too wide) in paragraph at lines 271--272
[][][][][][][][][][][][][][][][][][][][][][][] 
 []

[18]
Overfull \hbox (0.60352pt too wide) in paragraph at lines 315--316
[][][][][][][][][][][][][][][][][][][][][][][][][][][][][][][][][][][][][][][][
][][] 
 []

(D:\MiKTeX\tex\latex\listings\lstlang1.sty
File: lstlang1.sty 2015/06/04 1.6 listings language file
)
(D:\MiKTeX\tex\latex\listings\lstmisc.sty
File: lstmisc.sty 2015/06/04 1.6 (Carsten Heinz)
)
Overfull \hbox (43.80396pt too wide) in paragraph at lines 331--332
[][][][][][][][][][][][][][][][][][][][][][][][][][][][][][][][][][][][][][][][
][][][][][][][][][][][][][][][] 
 []


Overfull \hbox (49.20401pt too wide) in paragraph at lines 338--340
[][][][][][][][][][][][][][][][][][][][][][][][][][][][][][][][][][][][][][][][
][][] 
 []

[19]
Overfull \hbox (33.00385pt too wide) in paragraph at lines 376--377
[][][][][][][][][][][][][][][][][][][][][][][][][][][][] 
 []

[20]
Overfull \hbox (11.40363pt too wide) in paragraph at lines 415--416
[][][][][][][][][][][][][][][][][][][][][][][][][][][][][][][][][][][][][][][][
][][][][][][][][][][] 
 []


Overfull \hbox (0.60352pt too wide) in paragraph at lines 418--419
[][][][][][][][][][][][][][][][][][][][][][][][][][][][] 
 []


Overfull \hbox (38.4039pt too wide) in paragraph at lines 433--434
[][][][][][][][][][][][][][][][][][][][][][][][][][][][][][][][][][][][][][][][
][][][][][][][][][][][][][][][] 
 []


Overfull \hbox (33.00385pt too wide) in paragraph at lines 438--440
[][][][][][][][][][][][][][][][][][][][][][][][][][][][][][][][][][][][][][][][
][][] 
 []

[21]
Overfull \hbox (22.20374pt too wide) in paragraph at lines 445--446
[][][][][][][][][][][][][][][][][][][][][][][][][][][][][][][][][][][][][][][][
][] 
 []


Overfull \hbox (0.60352pt too wide) in paragraph at lines 465--466
[][][][][][][][][][][][][][][][][][][][][][][][][][][][][][][][][][][][][][][][
][][][][][][][][][][][][][][][] 
 []

[22] [23]
Overfull \hbox (76.20428pt too wide) in paragraph at lines 586--587
[][][][][][][][][][][][][][][][][][][][][][][][][] 
 []


Overfull \hbox (76.20428pt too wide) in paragraph at lines 587--588
[][][][][][][][][][][][][][][][][][][][][][][][][][][] 
 []


Overfull \hbox (103.20456pt too wide) in paragraph at lines 589--590
[][][][][][][][][][][][][][][][][][][][][][][][][][][] 
 []

[24]
Overfull \hbox (33.00385pt too wide) in paragraph at lines 611--612
[][][][][][][][][][][][][][][][][][][] 
 []


Overfull \hbox (60.00412pt too wide) in paragraph at lines 614--615
[][][][][][][][][][][][][][][][][][][][][][][][][][][][][][][][][][][][][][][][
][][] 
 []


Overfull \hbox (54.60406pt too wide) in paragraph at lines 615--616
[][][][][][][][][][][][][][][][][][][][][][][][][][][][][][][][][][][][][][][][
][][] 
 []


Overfull \hbox (16.80368pt too wide) in paragraph at lines 616--617
[][][][][][][][][][][][][][][][][][][][][][][][][][][][][][][][][][][][][][] 
 []


Overfull \hbox (16.80368pt too wide) in paragraph at lines 626--627
[][][][][][][][][][][][][][][][][][][][][][][][][][][][] 
 []


Overfull \hbox (49.20401pt too wide) in paragraph at lines 660--661
[][][][][][][][][][][][][][][][][][][][][][][] 
 []

[25]
Overfull \hbox (8.14201pt too wide) in paragraph at lines 725--726
[]\EU1/SimSun(0)/m/n/10   \EU1/lmr/m/n/10 mywebsite \EU1/SimSun(0)/m/n/10  
    \EU1/lmr/m/n/10 [][]$[][][][][] [] [] [] [][][][][][] [] [][][] [] [][
][][][][][][][][][]$[][], [][]$[][][][][] []
 []


Overfull \hbox (38.91pt too wide) in paragraph at lines 725--726
[] [] [][][][][][] [] [][][] [] [][][][][][][][][][][] [] [][][][][][][][][][]$
[][]\EU1/lmr/m/n/10  \EU1/SimSun(0)/m/n/10 \EU1/lmr/m/n/10 [][]$[][][][] [] 
[] [] [][][] [] [][][][][] [] [][][] [] [] [] [][][][][][][][][][] []
 []

[26] [27] [28

]
Chapter 5.
File: ./img/.png Graphic file (type QTm)
<use  "./img/.png" >
Underfull \vbox (badness 10000) has occurred while \output is active []

 [29]
File: ./img/Ubuntu.png Graphic file (type QTm)

<use  "./img/Ubuntu.png" >
Overfull \hbox (18.83623pt too wide) in paragraph at lines 782--783
[]\EU1/lmr/m/n/10 2. \EU1/SimSun(0)/m/n/10  \EU1/lmr/m/n/10 ISO \EU1/SimSun(0)
/m/n/10    \EU1/lmr/m/n/10 CD-ROM\EU1/SimSun(0)/m/n/10 | \EU1/lmr/m/n/10 (\
EU1/SimSun(0)/m/n/10     \EU1/lmr/m/n/10 ISO \EU1/SimSun(0)/m/n/10  $\OML/
cmm/m/it/10 media\OT1/cmr/m/n/10 /\OML/cmm/m/it/10 williamyi\OT1/cmr/m/n/10 /\O
ML/cmm/m/it/10 VMwaretools$\EU1/lmr/m/n/10 ):
 []

(D:\MiKTeX\tex\latex\listings\lstlang1.sty
File: lstlang1.sty 2015/06/04 1.6 listings language file
)
(D:\MiKTeX\tex\latex\listings\lstlang1.sty
File: lstlang1.sty 2015/06/04 1.6 listings language file
)
Overfull \hbox (27.00378pt too wide) in paragraph at lines 788--789
[][][][][][][][][][][][][][][][][][][][][][][][][][][] 
 []

[30]
File: ./img/ss.png Graphic file (type QTm)
 <use  "./img/ss.png" >
Overfull \hbox (15.0pt too wide) in paragraph at lines 844--845
[][] 
 []

[31]
File: ./img/.png Graphic file (type QTm)
 <use  "./img/.png" >
Overfull \hbox (15.0pt too wide) in paragraph at lines 863--864
[][] 
 []

File: ./img/autoswitch.png Graphic file (type QTm)
<use  "./img/autoswitch.png" >
Overfull \hbox (15.0pt too wide) in paragraph at lines 871--872
[][] 
 []


Overfull \hbox (11.25pt too wide) in paragraph at lines 877--878
[][][]$[][][][][] [] [] [] [][][] [] [][][][][][][][][][][][][][][][][] [] [][]
[] [] [][][][][][][] [] [][][][][][][] [] [][][][][][] [] [][][][][][][] []
 []

[32]
Overfull \hbox (15.00366pt too wide) in paragraph at lines 915--916
[][][][][][][][][][][][][][][][][][][][][][][][] 
 []


Overfull \hbox (3.00354pt too wide) in paragraph at lines 916--917
[][][][][][][][][][][][][][][][][][][][][][] 
 []

[33]
Overfull \hbox (3.00354pt too wide) in paragraph at lines 984--985
[][][][][][][][][][][][][][][][][][][][][][][][][][][][][][][][][][][][][][][][
][][][][][][][][][][][][][][][][][][][][][][][][][][][][][][][] 
 []

[34]
Overfull \hbox (3.00354pt too wide) in paragraph at lines 1014--1015
[][][][][][][][][][][][][][][][][][][][][][][][][][][][][][][][][][][][][][][][
][][][][][][][][][][][][][][][][][][][] 
 []


Overfull \hbox (3.00354pt too wide) in paragraph at lines 1015--1016
[][][][][][][][][][][][][][][][][][][][][][][][][][][][][][][][][][][][][][][][
][][][][][][][][][][][][][][][][][][][][][][][][][][][][][][][][] 
 []


Overfull \hbox (135.00488pt too wide) in paragraph at lines 1023--1024
[][][][][][][][][][][][][][][][][][][][][][][][][][][] 
 []


Overfull \hbox (33.00385pt too wide) in paragraph at lines 1025--1026
[][][][][][][][][][][][][][][][][][] 
 []

File: img/TensorFlow.png Graphic file (type QTm)
<use  "img/TensorFlow.png" >
Overfull \hbox (15.0pt too wide) in paragraph at lines 1031--1032
[][] 
 []


Overfull \hbox (57.00409pt too wide) in paragraph at lines 1036--1037
[][][][][][][][][][][][][][][][][][][] 
 []


Overfull \hbox (57.00409pt too wide) in paragraph at lines 1042--1043
[][][][][][][][][][][][][][][][][][][] 
 []

File: img/TensorFlow-java.png Graphic file (type QTm)
<use  "img/TensorFlow-java.png" >
Overfull \hbox (15.0pt too wide) in paragraph at lines 1047--1048
[][] 
 []


Overfull \hbox (57.00409pt too wide) in paragraph at lines 1052--1053
[][][][][][][][][][][][][][][][][][][] 
 []

[35] [36

]
Chapter 6.

Overfull \hbox (0.80002pt too wide) in paragraph at lines 1061--1092
 [][] 
 []

[37]
File: img/.png Graphic file (type QTm)
 <use  "img/.png" >
File: img/.png Graphic file (type QTm)
 <use  "img/.png" >
File: img/.png Graphic file (type QTm)
 <use  "img/.png" >
File: img/PersonalInfo.png Graphic file (type QTm)

<use  "img/PersonalInfo.png" >
File: img/github.png Graphic file (type QTm)
 <use  "img/github.png" >
File: img/project.png Graphic file (type QTm)

<use  "img/project.png" >
File: img/weibo.png Graphic file (type QTm)
 <use  "img/weibo.png" >
File: img/test1.png Graphic file (type QTm)
 <use  "img/test1.png" >
File: img/test2.png Graphic file (type QTm)

<use  "img/test2.png" >
File: img/test3.png Graphic file (type QTm)
 <use  "img/test3.png" >
File: img/test4.png Graphic file (type QTm)
 <use  "img/test4.png" >
File: img/test5.png Graphic file (type QTm)

<use  "img/test5.png" > [38]

LaTeX Warning: Text page 39 contains only floats.

[39]

LaTeX Warning: Text page 40 contains only floats.

[40]
Chapter 7.
[41

] [42]
Chapter 8.

Overfull \hbox (1.17422pt too wide) in paragraph at lines 1205--1206
\EU1/lmr/m/n/10 1. Ubuntu ETS 16.04 \EU1/SimSun(0)/m/n/10        | [][
]$[][][][][] [] [] [] [][][] [] [][][][][][] [] [][][] [] [][][][][][][][] []
 []


Overfull \hbox (1.5pt too wide) in paragraph at lines 1209--1210
[][][] [] [][][][][][][][][][][] [] [][][][][][][][][][] [] [][][][][][] [] [][
] [] [][][][][][][][] [] [][] [] [][] [] [][][] [] [][][][][][][][][] []
 []


Overfull \hbox (46.0pt too wide) in paragraph at lines 1225--1226
[][][][] [] [][][][][][][][] [] [][][] [] [][][][][][][][][][][][][][][][][][][
][][][][][][][][][][][][][][][][][][][][][][][][][][][][][][][][][][][][][][][]
[][][]$[][] 
 []


Overfull \hbox (31.68001pt too wide) in paragraph at lines 1233--1234
[]\EU1/lmr/m/n/10 8. MNIST_for_ML_beginners$Experts.md. [][]$[][][][][] [] [] [
] [][][][][][] [] [][][] [] [][][][][][][][][][][] []
 []


Overfull \hbox (49.25pt too wide) in paragraph at lines 1233--1234
[][][][][][][][][][][][][][][][][] [] [][][][] [] [][][][][][] [] [][] [] [][][
][][][][][] [] [][][][][][][][][][] [] [][][][][] [] [][][] [] [][] [] [][][][]
[][][][][] []
 []


Overfull \hbox (14.42003pt too wide) in paragraph at lines 1237--1238
[]\EU1/lmr/m/n/10 9. Installing TensorFlow on Ubuntu. [][]$[][][][][] [] [] [] 
[][][] [] [][][][][][][][][][] [] [][][] [] [][][][][][][] []
 []


Overfull \hbox (0.10002pt too wide) in paragraph at lines 1245--1246
[]\EU1/lmr/m/n/10 11. Download Android Studio. [][]$[][][][][] [] [] [] [][][][
][][][][][] [] [][][][][][][] [] [][][] [] [][][][][][] []
 []

[43

]
Overfull \hbox (1.04001pt too wide) in paragraph at lines 1257--1258
[]\EU1/lmr/m/n/10 14. Guide to NDK. [][]$[][][][][] [] [] [] [][][][][][][][][]
 [] [][][][][][][] [] [][][] [] [][][] [] [][][][][][] [] [][][][][] []
 []


Overfull \hbox (12.78001pt too wide) in paragraph at lines 1269--1270
[]\EU1/lmr/m/n/10 17. Latex \EU1/SimSun(0)/m/n/10    \EU1/lmr/m/n/10 . [][]
$[][][][] [] [] [] [][][][] [] [][][][] [] [][][] [] [][] [] [] [] [][][][] [] 
[][][][][][][][][][][][][][][][] []
 []


Overfull \hbox (86.75pt too wide) in paragraph at lines 1275--1276
[][][]$[][][][][] [] [] [] [][][][][][][][] [] [][][][][][][][][][] [] [][][] [
] [][][][] [] [][] [] [][][][][][][][][][][][][][][][][][][][][][][][][][][][][
][][][][][][][][][][][][][] []
 []


Overfull \hbox (92.0pt too wide) in paragraph at lines 1281--1282
[][][]$[][][][][] [] [] [] [][][][][][][][] [] [][][][][][][][][][] [] [][][] [
] [][][][] [] [][] [] [][][][][][][][][][][][][][][][][][][][][][][][][][][][][
][][][][][][][][][][][][][][] []
 []


Overfull \hbox (0.70502pt too wide) in paragraph at lines 1297--1298
[]\EU1/lmr/m/n/10 23. MobileNets: Open-Source Models for Efficient On-Device Vi
sion. [][]$[][][][][] []
 []


Overfull \hbox (14.0pt too wide) in paragraph at lines 1297--1298
[] [] [][][][][][][][] [] [][][][][][][][][][] [] [][][] [] [][][][] [] [][] []
 [][][][][][][][][][][][][][][][][][][][][][][][][][][][][][][][][][][][][] []
 []


Overfull \hbox (68.66891pt too wide) in paragraph at lines 1309--1310
[]\EU1/lmr/m/n/10 26. JNI \EU1/SimSun(0)/m/n/10    \EU1/lmr/m/n/10 . [][]$[
][][][] [] [] [] [][][][] [] [][][][][][][][][][][] [] [][][] [] [][][][][][][]
 [] [][][][][][][][][][][][][][][][][][][][][][][][][][] []
 []

[44]
Overfull \hbox (7.44003pt too wide) in paragraph at lines 1313--1314
[]\EU1/lmr/m/n/10 27. How to include *.so library in Android Studio?. [][]$[][]
[][][] [] [] [] [][][][][][][][][][][][][] []
 []


Overfull \hbox (5.0pt too wide) in paragraph at lines 1313--1314
[][][] [] [][][][][][][][][] [] [][][][][][][][] [] [][][][][][][][][][][][][][
][][][][][][][][][][][][][][][][][][][][][][][][][][][][][][][][][][][][]$[][] 

 []


Overfull \hbox (51.15503pt too wide) in paragraph at lines 1317--1318
[]\EU1/lmr/m/n/10 28. The following classes could not be instantiated: - androi
d.support.v7.widget.Toolbar. 
 []


Overfull \hbox (88.5pt too wide) in paragraph at lines 1325--1326
[][][][][][][][][][][][][] [] [][][] [] [][][][][][][][][] [] [][][][][][][][] 
[] [][][][][][][][][][][][][][][][][][][][][][][][][][][][][][][][][][][][][][]
[][][][][][][][][][][][][]$[][] 
 []

[45]
Overfull \hbox (3.56003pt too wide) in paragraph at lines 1381--1382
[]\EU1/lmr/m/n/10 42. TensorFlow Android Camera Demo. [][]$[][][][][] [] [] [] 
[][][][][][] [] [][][] [] [][][][][][][][][][] []
 []


Overfull \hbox (12.0pt too wide) in paragraph at lines 1381--1382
[][][][][][][][][][] [] [][][][] [] [][][][][][][][][][][][][][][][][][][][][][
][][][][][][][][][][][][][][][][][][] [] [][][][][][][][][][] []
 []

[46]
Chapter 9.

Overfull \hbox (97.8045pt too wide) in paragraph at lines 1403--1404
[][][][][][][][][][][][][][][][][][][][][][][][][][][][][][][][][][][][][][][][
][] 
 []


Overfull \hbox (49.20401pt too wide) in paragraph at lines 1413--1414
[][][][][][][][][][][][][][][][][][][][][][][][][][][][][][][][] 
 []

[47

]
Overfull \hbox (92.40445pt too wide) in paragraph at lines 1426--1427
[][][][][][][][][][][][][][][][][][][][][][][][][][][][][][][][][][][][][][][][
][][][][][][][][][][][][][][][][][][][] 
 []


Overfull \hbox (60.00412pt too wide) in paragraph at lines 1427--1428
[][][][][][][][][][][][][][][][][][][][][][][][][][][][][][][][][][][][][][][][
][][][][][][][][][][][][] 
 []


Overfull \hbox (11.40363pt too wide) in paragraph at lines 1429--1430
[][][][][][][][][][][][][][][][][][][][][][][][][][][][][][][][] 
 []


Overfull \hbox (22.20374pt too wide) in paragraph at lines 1431--1432
[][][][][][][][][][][][][][][][][][][][][][][][][][][][][][][][][][][][][][][][
][][][][][][][][][][] 
 []


Overfull \hbox (0.60352pt too wide) in paragraph at lines 1441--1442
[][][][][][][][][][][][][][][][][][][][][][][][][][][][][][][][][][][][][][][][
][][][][][][][][][][] 
 []


Overfull \hbox (22.20374pt too wide) in paragraph at lines 1450--1451
[][][][][][][][][][][][][][][][][][][][][][][][][][][][][][][][][][][][][][][][
][][][][][][][][][][][][][][][][][] 
 []


Overfull \hbox (0.60352pt too wide) in paragraph at lines 1453--1454
[][][][][][][][][][][][][][][][][][][][][][][][][][][][][][][][][][][][][] 
 []


Overfull \hbox (49.20401pt too wide) in paragraph at lines 1455--1456
[][][][][][][][][][][][][][][][][][][][][][][][][][][][][][][][][][][][][] 
 []


Overfull \hbox (65.40417pt too wide) in paragraph at lines 1457--1458
[][][][][][][][][][][][][][][][][][][][][][][][][][][][][][][][][][][][][] 
 []


Overfull \hbox (60.00412pt too wide) in paragraph at lines 1459--1460
[][][][][][][][][][][][][][][][][][][][][][][][][][][][][][][][][][][][][] 
 []


Overfull \hbox (60.00412pt too wide) in paragraph at lines 1461--1462
[][][][][][][][][][][][][][][][][][][][][][][][][][][][][][][][][][][][][] 
 []


Overfull \hbox (54.60406pt too wide) in paragraph at lines 1463--1464
[][][][][][][][][][][][][][][][][][][][][][][][][][][][][][][][][][][][][] 
 []

[48]
Overfull \hbox (22.20374pt too wide) in paragraph at lines 1475--1477
[][][][][][][][][][][][][][][][][][][][][][][][][][][][][][][][][][][][][][][][
][][] 
 []


Overfull \hbox (65.40417pt too wide) in paragraph at lines 1477--1478
[][][][][][][][][][][][][][][][][][][][][][][][][][][][][][][][][][][][][][][][
][][] 
 []

[49]
Overfull \hbox (33.00385pt too wide) in paragraph at lines 1538--1540
[][][][][][][][][][][][][][][][][][][][][][][][][][][][][][][][][][] 
 []


Overfull \hbox (22.20374pt too wide) in paragraph at lines 1541--1542
[][][][][][][][][][][][][][][][][][][][] 
 []


Overfull \hbox (0.60352pt too wide) in paragraph at lines 1557--1558
[][][][][][][][][][][][][][][][][][][][][][] 
 []


Overfull \hbox (49.20401pt too wide) in paragraph at lines 1558--1559
[][][][][][][][][][][][][][][][][][][][][][] 
 []


Overfull \hbox (33.00385pt too wide) in paragraph at lines 1559--1560
[][][][][][][][][][][][][][][][][][][][][][] 
 []


Overfull \hbox (43.80396pt too wide) in paragraph at lines 1560--1562
[][][][][][][][][][][][][][][][] 
 []


Overfull \hbox (33.00385pt too wide) in paragraph at lines 1562--1563
[][][][][][][][][][][][][][][][][][][][][][] 
 []


Overfull \hbox (33.00385pt too wide) in paragraph at lines 1563--1564
[][][][][][][][][][][][][][][][][][][][][][] 
 []


Overfull \hbox (11.40363pt too wide) in paragraph at lines 1565--1566
[][][][][][][][][][][][][][][][][][][][][][] 
 []


Overfull \hbox (11.40363pt too wide) in paragraph at lines 1566--1568
[][][][][][][][][][][][][][][][][][][][][][] 
 []


Overfull \hbox (43.80396pt too wide) in paragraph at lines 1570--1571
[][][][][][][][][][][][][][][][][][][][][][] 
 []


Overfull \hbox (76.20428pt too wide) in paragraph at lines 1571--1572
[][][][][][][][][][][][][][][][][][][][][][][][] 
 []


Underfull \vbox (badness 10000) has occurred while \output is active []

 [50]
Overfull \hbox (81.60434pt too wide) in paragraph at lines 1579--1580
[][][][][][][][][][][][][][][][] 
 []


Overfull \hbox (70.80423pt too wide) in paragraph at lines 1581--1582
[][][][][][][][][][][][][][][][][][][][][][][][] 
 []


Overfull \hbox (141.00494pt too wide) in paragraph at lines 1592--1594
[][][][][][][][][][][][][][][][][][][][][][][][][] 
 []


Overfull \hbox (141.00494pt too wide) in paragraph at lines 1594--1596
[][][][][][][][][][][][][][][][][][][][][][][][][][][] 
 []


Overfull \hbox (97.8045pt too wide) in paragraph at lines 1599--1601
[][][][][][][][][][][][] 
 []


Overfull \hbox (38.4039pt too wide) in paragraph at lines 1605--1606
[][][][][][][][][][][][][][][][][][][][] 
 []


Overfull \hbox (38.4039pt too wide) in paragraph at lines 1612--1613
[][][][][][][][][][][][][][][][][][][][] 
 []


Underfull \vbox (badness 10000) has occurred while \output is active []

 [51]
Overfull \hbox (11.40363pt too wide) in paragraph at lines 1650--1651
[][][][][][][][][][][][][][] 
 []


Underfull \vbox (badness 10000) has occurred while \output is active []

 [52]
Overfull \hbox (49.20401pt too wide) in paragraph at lines 1690--1691
[][][][][][][][][][][][][][][][][][][][][][][][][][][][][][][][][][][][][][][][
][][][][][][][][][][][][] 
 []


Overfull \hbox (27.60379pt too wide) in paragraph at lines 1696--1697
[][][][][][][][][][][][][][][][][][][][][][][][][][] 
 []


Overfull \hbox (27.60379pt too wide) in paragraph at lines 1700--1701
[][][][][][][][][][][][][][][][][][][][][][][][][][] 
 []


Overfull \hbox (54.60406pt too wide) in paragraph at lines 1704--1705
[][][][][][][][][][][][][][][][][][][][][][][][][][] 
 []


Overfull \hbox (38.4039pt too wide) in paragraph at lines 1706--1707
[][][][][][][][][][][][][][][][][][][][][][][] 
 []

[53]
Overfull \hbox (65.40417pt too wide) in paragraph at lines 1754--1755
[][][][][][][][][][][][][][][][][][][][][][][][] 
 []


Underfull \vbox (badness 10000) has occurred while \output is active []

 [54]
Overfull \hbox (22.20374pt too wide) in paragraph at lines 1787--1788
[][][][][][][][][][][][][][] 
 []


Overfull \hbox (16.80368pt too wide) in paragraph at lines 1811--1813
[][][][][][][][][][][][][][][][][][][] 
 []

[55]
Overfull \hbox (11.40363pt too wide) in paragraph at lines 1827--1829
[][][][][][][][][][][][][][][][][][][][][][][][][][][][][][][][][][] 
 []


Overfull \hbox (16.80368pt too wide) in paragraph at lines 1829--1830
[][][][][][][][][][][][][][][][][][][][][][][][][][][][][][][][][][][][][][][][
][][][][][][][][][][][][][][][][][][][][][][][][][][][][][][][][] 
 []


Overfull \hbox (33.00385pt too wide) in paragraph at lines 1853--1854
[][][][][][][][][][][][][][][][][][][][][][][][][][][][][][][][][][][][][][][][
][][][][][][][][][][][][][][][][][][][][] 
 []


Overfull \hbox (60.00412pt too wide) in paragraph at lines 1862--1863
[][][][][][][][][][][][][][][][][][][][][][][][][][][][][][][][][][][][][][][][
][][][][][][][][][][][][][][][][][][][][][][][][][][][][][][][][][][][][][][][]
[][] 
 []


Underfull \vbox (badness 10000) has occurred while \output is active []

 [56]
Overfull \hbox (33.00385pt too wide) in paragraph at lines 1883--1884
[][][][][][][][][][][][][][][][][][] 
 []


Overfull \hbox (114.00467pt too wide) in paragraph at lines 1890--1891
[][][][][][][][][][][][][][][][][][][][][][][][][] 
 []


Overfull \hbox (54.60406pt too wide) in paragraph at lines 1894--1895
[][][][][][][][][][][][][][][][][][] 
 []


Overfull \hbox (11.40363pt too wide) in paragraph at lines 1901--1902
[][][][][][][][][][][][][][][][][][] 
 []


Overfull \hbox (65.40417pt too wide) in paragraph at lines 1903--1904
[][][][][][][][][][][][][][][][][] 
 []


Overfull \hbox (16.80368pt too wide) in paragraph at lines 1904--1905
[][][][][][][][][][][][][][][][][][][][][][][][][][][][][][][][][][][][][][] 
 []


Overfull \hbox (16.80368pt too wide) in paragraph at lines 1907--1908
[][][][][][][][][][][][][][][][][][] 
 []


Overfull \hbox (76.20428pt too wide) in paragraph at lines 1910--1911
[][][][][][][][][][][][][][] 
 []


Underfull \vbox (badness 10000) has occurred while \output is active []

 [57]
Overfull \hbox (11.40363pt too wide) in paragraph at lines 1933--1934
[][][][][][][][][][][][][][][][][][][][][][][][][][][] 
 []


Overfull \hbox (22.20374pt too wide) in paragraph at lines 1934--1935
[][][][][][][][][][][][][][][][][][][][][][][][][][][][][][][][][][][][][][][][
][][][][][][][][][][][][][][][][][][][][][][][][][][][][][][][][][][][][][][] 
 []


Overfull \hbox (16.80368pt too wide) in paragraph at lines 1958--1959
[][][][][][][][][][][][][][][][][][] 
 []


Underfull \vbox (badness 10000) has occurred while \output is active []

 [58]
Overfull \hbox (11.40363pt too wide) in paragraph at lines 1977--1978
[][][][][][][][][][][][][][][][][][][][][][][][][][][] 
 []


Overfull \hbox (119.40472pt too wide) in paragraph at lines 1978--1979
[][][][][][][][][][][][][][][][][][][][][][][][][][][][][][][][][][][][][][][][
][][][][][][][][][][][][][][][][][][][][][][][][][][][][][][][][][][][][][][][]
[][][][][] 
 []


Overfull \hbox (60.00412pt too wide) in paragraph at lines 1979--1980
[][][][][][][][][][][][][][][][][][][][][][][] 
 []


Overfull \hbox (92.40445pt too wide) in paragraph at lines 1990--1991
[][][][][][][][][][][][][][][][][][][][][][][][][][][] 
 []


Overfull \hbox (0.60352pt too wide) in paragraph at lines 1991--1992
[][][][][][][][][][][][][][][][][][][][][][][][][] 
 []

[59]
Overfull \hbox (11.40363pt too wide) in paragraph at lines 2047--2048
[][][][][][][][][][][][][][][][][][][][][][] 
 []


Overfull \hbox (0.60352pt too wide) in paragraph at lines 2049--2050
[][][][][][][][][][][][][][][][][][][][][][] 
 []


Overfull \hbox (11.40363pt too wide) in paragraph at lines 2052--2053
[][][][][][][][][][][][][][][][][][][][] 
 []


Overfull \hbox (38.4039pt too wide) in paragraph at lines 2056--2057
[][][][][][][][][][][][][][][][][][][][][][][] 
 []


Overfull \hbox (6.00357pt too wide) in paragraph at lines 2061--2062
[][][][][][][][][][][][][][][][][][][][] 
 []


Overfull \hbox (33.00385pt too wide) in paragraph at lines 2065--2066
[][][][][][][][][][][][][][][][][][][][][][][] 
 []


Overfull \hbox (22.20374pt too wide) in paragraph at lines 2074--2075
[][][][][][][][][][][][][][][][][][][][][][][] 
 []


Overfull \hbox (81.60434pt too wide) in paragraph at lines 2075--2076
[][][][][][][][][][][][][][][][][][][][][][][][][][][][][][][][][][][][][][][][
][][][][][][][][][] 
 []


Underfull \vbox (badness 10000) has occurred while \output is active []

 [60]
Overfull \hbox (0.60352pt too wide) in paragraph at lines 2080--2081
[][][][][][][][][][][][][][][][][][][][] 
 []


Overfull \hbox (22.20374pt too wide) in paragraph at lines 2084--2085
[][][][][][][][][][][][][][][][][][][][][][][] 
 []


Overfull \hbox (27.60379pt too wide) in paragraph at lines 2086--2087
[][][][][][][][][][][][][][][][][][][][][][][][][][][][][][][][][][][][][][][][
] 
 []


Overfull \hbox (22.20374pt too wide) in paragraph at lines 2095--2096
[][][][][][][][][][][][][][][][][][][][][][][] 
 []


Overfull \hbox (103.20456pt too wide) in paragraph at lines 2098--2099
[][][][][][][][][][][][][][][][][][][][][][][][][][][][][][][][][][][][][][][][
][][][][][][] 
 []

[61]
Overfull \hbox (0.60352pt too wide) in paragraph at lines 2137--2138
[][][][][][][][][][][][][][][][][][][][][][] 
 []


Overfull \hbox (27.60379pt too wide) in paragraph at lines 2138--2140
[][][][][][][][][][][][][][][][][][][][][][] 
 []


Overfull \hbox (0.60352pt too wide) in paragraph at lines 2141--2142
[][][][][][][][][][][][][][][][][][][][][][] 
 []


Overfull \hbox (27.60379pt too wide) in paragraph at lines 2144--2145
[][][][][][][][][][][][][][][][][][][][] 
 []


Overfull \hbox (38.4039pt too wide) in paragraph at lines 2148--2149
[][][][][][][][][][][][][][][][][][][][][][][] 
 []


Overfull \hbox (22.20374pt too wide) in paragraph at lines 2153--2154
[][][][][][][][][][][][][][][][][][][][] 
 []


Overfull \hbox (33.00385pt too wide) in paragraph at lines 2157--2158
[][][][][][][][][][][][][][][][][][][][][][][] 
 []


Overfull \hbox (22.20374pt too wide) in paragraph at lines 2166--2167
[][][][][][][][][][][][][][][][][][][][][][][] 
 []


Overfull \hbox (81.60434pt too wide) in paragraph at lines 2167--2168
[][][][][][][][][][][][][][][][][][][][][][][][][][][][][][][][][][][][][][][][
][][][][][][][][][] 
 []


Overfull \hbox (0.60352pt too wide) in paragraph at lines 2172--2173
[][][][][][][][][][][][][][][][][][][][] 
 []


Overfull \hbox (22.20374pt too wide) in paragraph at lines 2176--2177
[][][][][][][][][][][][][][][][][][][][][][][] 
 []


Underfull \vbox (badness 10000) has occurred while \output is active []

 [62]
Overfull \hbox (141.00494pt too wide) in paragraph at lines 2177--2178
[][][][][][][][][][][][][][][][][][][][][][][][][][][][][][][][][][][][][][][][
][][][][][][][][][][][][][][][] 
 []


Overfull \hbox (22.20374pt too wide) in paragraph at lines 2186--2187
[][][][][][][][][][][][][][][][][][][][][][][] 
 []


Overfull \hbox (103.20456pt too wide) in paragraph at lines 2189--2190
[][][][][][][][][][][][][][][][][][][][][][][][][][][][][][][][][][][][][][][][
][][][][][][] 
 []


Overfull \hbox (0.60352pt too wide) in paragraph at lines 2227--2228
[][][][][][][][][][][][][][][][][][][][][][][][] 
 []

[63]
Overfull \hbox (43.80396pt too wide) in paragraph at lines 2252--2253
[][][][][][][][][][][][][][][][][][][][][][][][][][][][][][][][][][][][][][][][
][][][][][][][][][][][][][][][][][][][][] 
 []

[64]
Underfull \vbox (badness 10000) has occurred while \output is active []

 [65]
Overfull \hbox (49.20401pt too wide) in paragraph at lines 2371--2372
[][][][][][][][][][][][][][][][][][][][][][][][][][][][][][][][][][][][][][][][
][][][][] 
 []

[66]
Underfull \vbox (badness 10000) has occurred while \output is active []

 [67]
Overfull \hbox (43.80396pt too wide) in paragraph at lines 2441--2442
[][][][][][][][][][][][][][][][][][][][][][][][][][][][][][][][][][][][][][][][
][][][][][][][][][][][][][][][][][] 
 []


Overfull \hbox (43.80396pt too wide) in paragraph at lines 2448--2450
[][][][][][][][][][][][][][][][][][][][][][][][][][][][][][][][][][][][][][][][
][][][][] 
 []

[68]
Overfull \hbox (33.00385pt too wide) in paragraph at lines 2500--2501
[][][][][][][][][][][][][][][][][][][][][][][][][][][][][][][][][] 
 []


Overfull \hbox (16.80368pt too wide) in paragraph at lines 2526--2527
[][][][][][][][][][][][][][][][][][][][][][][][][][][][][][][][][] 
 []

[69]
Overfull \hbox (0.60352pt too wide) in paragraph at lines 2578--2579
[][][][][][][][][][][][][][][][][][][][][][][][][][][][][][][] 
 []


Underfull \vbox (badness 10000) has occurred while \output is active []

 [70]
Overfull \hbox (0.60352pt too wide) in paragraph at lines 2599--2600
[][][][][][][][][][][][][][][][][][][][][][][][][][][][][][][] 
 []


Overfull \hbox (0.60352pt too wide) in paragraph at lines 2615--2616
[][][][][][][][][][][][][][][][][][][][][][][][][][][][][][][] 
 []

[71]
Overfull \hbox (33.00385pt too wide) in paragraph at lines 2631--2632
[][][][][][][][][][][][][][][][][][][][][][][][][][][][][][][][][] 
 []


Overfull \hbox (16.80368pt too wide) in paragraph at lines 2656--2657
[][][][][][][][][][][][][][][][][][][][][][][][][][][][][][][][][] 
 []


Underfull \vbox (badness 10000) has occurred while \output is active []

 [72]
Overfull \hbox (0.60352pt too wide) in paragraph at lines 2708--2709
[][][][][][][][][][][][][][][][][][][][][][][][][][][][][][][] 
 []


Overfull \hbox (0.60352pt too wide) in paragraph at lines 2729--2730
[][][][][][][][][][][][][][][][][][][][][][][][][][][][][][][] 
 []


Underfull \vbox (badness 10000) has occurred while \output is active []

 [73]
Overfull \hbox (0.60352pt too wide) in paragraph at lines 2745--2746
[][][][][][][][][][][][][][][][][][][][][][][][][][][][][][][] 
 []

[74]
Overfull \hbox (43.80396pt too wide) in paragraph at lines 2798--2799
[][][][][][][][][][][][][][][][][][][][][][][][][][][][][][][][][][][][][][][][
][][][][][][][][][][][][][][][][][] 
 []


Overfull \hbox (33.00385pt too wide) in paragraph at lines 2799--2800
[][][][][][][][][][][][][][][][][][][][][][][][][][][][][][][][][] 
 []

[75]
Overfull \hbox (0.60352pt too wide) in paragraph at lines 2835--2836
[][][][][][][][][][][][][][][] 
 []


Overfull \hbox (60.00412pt too wide) in paragraph at lines 2846--2847
[][][][][][][][][][][][][][][][][][][][][][][][][][][][][][][][][][][][][][][][
][][][][][][][][][][][][][][] 
 []


Overfull \hbox (54.60406pt too wide) in paragraph at lines 2848--2849
[][][][][][][][][][][][][][][][][][][][][][][][][][] 
 []


Overfull \hbox (33.00385pt too wide) in paragraph at lines 2849--2850
[][][][][][][][][][][][][][][][][][][][][][][][][][][] 
 []


Overfull \hbox (33.00385pt too wide) in paragraph at lines 2862--2863
[][][][][][][][][][][][][][][][][][][][][][][][][][][][][][][][][][][][][][][][
][][][][][][][][][][][] 
 []


Overfull \hbox (22.20374pt too wide) in paragraph at lines 2865--2866
[][][][][][][][][][][][][][][][][][][][][][][][][][][][] 
 []

[76]
Overfull \hbox (0.60352pt too wide) in paragraph at lines 2908--2909
[][][][][][][][][][][][][][][][][][][][][][][][][][][][][][][][][][][][][][][][
][][][][][][][][][][][][][][][][][] 
 []

Package atveryend Info: Empty hook `BeforeClearDocument' on input line 2929.
[77]
Package atveryend Info: Empty hook `AfterLastShipout' on input line 2929.
 (DeepCamera.aux)
Package atveryend Info: Empty hook `AtVeryEndDocument' on input line 2929.
Package atveryend Info: Empty hook `AtEndAfterFileList' on input line 2929.


LaTeX Font Warning: Some font shapes were not available, defaults substituted.


LaTeX Warning: Label(s) may have changed. Rerun to get cross-references right.

Package atveryend Info: Empty hook `AtVeryVeryEnd' on input line 2929.
 )
(\end occurred inside a group at level 1)

### simple group (level 1) entered at line 1061 ({)
### bottom level 
Here is how much of TeX's memory you used:
 28567 strings out of 428408
 514827 string characters out of 3163953
 604780 words of memory out of 3000000
 31730 multiletter control sequences out of 15000+200000
 12121 words of font info for 76 fonts, out of 3000000 for 9000
 1328 hyphenation exceptions out of 8191
 42i,8n,58p,10505b,4535s stack positions out of 5000i,500n,10000p,200000b,50000s

Output written on DeepCamera.pdf (77 pages).
